2025-09-26 09:55:03.082 [main] INFO  testCase.TC01_Register - Browser launched and Parabank site opened
2025-09-26 09:55:03.134 [main] INFO  testCase.TC01_Register - ===== Starting Registration Test =====
2025-09-26 09:55:03.882 [main] INFO  testCase.TC01_Register - Clicked Register link
2025-09-26 09:55:04.736 [main] INFO  testCase.TC01_Register - Filled registration form with username: user1758860703883
2025-09-26 09:55:05.273 [main] INFO  testCase.TC01_Register - Clicked Register button
2025-09-26 09:55:05.303 [main] INFO  testCase.TC01_Register - Registration successful, Welcome message found
2025-09-26 09:55:05.303 [main] INFO  testCase.TC01_Register - ===== Registration Test Completed =====
2025-09-26 09:55:09.984 [main] INFO  testCase.TC02_login - Browser launched and Parabank site opened
2025-09-26 09:55:09.984 [main] INFO  testCase.TC02_login - ===== Starting Login Test =====
2025-09-26 09:55:11.443 [main] INFO  testCase.TC02_login - Login attempted with username: user1758860703883
2025-09-26 09:55:11.443 [main] INFO  testCase.TC02_login - Login attempted with username: Test@123
2025-09-26 09:55:11.443 [main] INFO  testCase.TC02_login - ===== Login Test Completed =====
2025-09-26 09:55:16.543 [main] INFO  testCase.TC03_OpenNewAccount - Browser launched and Parabank site opened
2025-09-26 09:55:16.553 [main] INFO  testCase.TC03_OpenNewAccount - ===== Starting Open New Account Test =====
2025-09-26 09:55:17.806 [main] INFO  testCase.TC03_OpenNewAccount - Logged in before opening new account
2025-09-26 09:55:18.348 [main] INFO  pageObjects.OpenNewAccount - Navigated to 'Open New Account' page
2025-09-26 09:55:18.348 [main] INFO  testCase.TC03_OpenNewAccount - Navigated to Open New Account page
2025-09-26 09:55:18.618 [main] INFO  pageObjects.OpenNewAccount - Selected Account Type: CHECKING
2025-09-26 09:55:18.618 [main] INFO  testCase.TC03_OpenNewAccount - Selected account type: CHECKING
2025-09-26 09:55:18.830 [main] INFO  pageObjects.OpenNewAccount - Selected first available funding account: 25110
2025-09-26 09:55:18.830 [main] INFO  testCase.TC03_OpenNewAccount -  
2025-09-26 09:55:18.953 [main] INFO  pageObjects.OpenNewAccount - Clicked 'Open New Account' button
2025-09-26 09:55:18.953 [main] INFO  testCase.TC03_OpenNewAccount - Clicked Open New Account button
2025-09-26 09:55:19.557 [main] INFO  pageObjects.OpenNewAccount - New Account Number generated: 25221
2025-09-26 09:55:19.557 [main] INFO  testCase.TC03_OpenNewAccount - ===== Open New Account Test Finished Successfully =====
2025-09-26 09:55:24.231 [main] INFO  testCase.TC04_AccountOverview - Browser launched and Parabank site opened
2025-09-26 09:55:24.244 [main] INFO  testCase.TC04_AccountOverview -  Starting TC04_AccountOverview
2025-09-26 09:55:34.293 [main] INFO  testCase.TC04_AccountOverview - Currently available accounts: 0
2025-09-26 09:55:34.294 [main] INFO  testCase.TC04_AccountOverview - Only 1 account found → Creating new account...
2025-09-26 10:01:13.101 [main] INFO  testCase.TC01_Register - Browser launched and Parabank site opened
2025-09-26 10:01:13.141 [main] INFO  testCase.TC01_Register - ===== Starting Registration Test =====
2025-09-26 10:01:13.930 [main] INFO  testCase.TC01_Register - Clicked Register link
2025-09-26 10:01:15.487 [main] INFO  testCase.TC01_Register - Filled registration form with username: user1758861073930
2025-09-26 10:01:15.884 [main] INFO  testCase.TC01_Register - Clicked Register button
2025-09-26 10:01:16.002 [main] INFO  testCase.TC01_Register - Registration successful, Welcome message found
2025-09-26 10:01:16.008 [main] INFO  testCase.TC01_Register - ===== Registration Test Completed =====
2025-09-26 10:01:20.628 [main] INFO  testCase.TC02_login - Browser launched and Parabank site opened
2025-09-26 10:01:20.635 [main] INFO  testCase.TC02_login - ===== Starting Login Test =====
2025-09-26 10:01:22.287 [main] INFO  testCase.TC02_login - Login attempted with username: user1758861073930
2025-09-26 10:01:22.287 [main] INFO  testCase.TC02_login - Login attempted with username: Test@123
2025-09-26 10:01:22.287 [main] INFO  testCase.TC02_login - ===== Login Test Completed =====
2025-09-26 10:01:27.884 [main] INFO  testCase.TC03_OpenNewAccount - Browser launched and Parabank site opened
2025-09-26 10:01:27.888 [main] INFO  testCase.TC03_OpenNewAccount - ===== Starting Open New Account Test =====
2025-09-26 10:01:31.405 [main] INFO  testCase.TC03_OpenNewAccount - Logged in before opening new account
2025-09-26 10:01:31.827 [main] INFO  pageObjects.OpenNewAccount - Navigated to 'Open New Account' page
2025-09-26 10:01:31.827 [main] INFO  testCase.TC03_OpenNewAccount - Navigated to Open New Account page
2025-09-26 10:01:31.951 [main] INFO  pageObjects.OpenNewAccount - Selected Account Type: CHECKING
2025-09-26 10:01:31.951 [main] INFO  testCase.TC03_OpenNewAccount - Selected account type: CHECKING
2025-09-26 10:01:32.225 [main] INFO  pageObjects.OpenNewAccount - Selected first available funding account: 14232
2025-09-26 10:01:32.225 [main] INFO  testCase.TC03_OpenNewAccount -  
2025-09-26 10:01:32.316 [main] INFO  pageObjects.OpenNewAccount - Clicked 'Open New Account' button
2025-09-26 10:01:32.316 [main] INFO  testCase.TC03_OpenNewAccount - Clicked Open New Account button
2025-09-26 10:01:32.920 [main] INFO  pageObjects.OpenNewAccount - New Account Number generated: 14565
2025-09-26 10:01:32.920 [main] INFO  testCase.TC03_OpenNewAccount - ===== Open New Account Test Finished Successfully =====
2025-09-26 10:01:37.591 [main] INFO  testCase.TC04_AccountOverview - Browser launched and Parabank site opened
2025-09-26 10:01:37.597 [main] INFO  testCase.TC04_AccountOverview -  Starting TC04_AccountOverview
2025-09-26 10:01:38.750 [main] INFO  testCase.TC04_AccountOverview - Logged in before accessing Account Overview
2025-09-26 10:01:39.024 [main] INFO  testCase.TC04_AccountOverview - Currently available accounts: 2
2025-09-26 10:01:39.118 [main] INFO  testCase.TC04_AccountOverview - Account 1: 14232
2025-09-26 10:01:39.118 [main] INFO  testCase.TC04_AccountOverview - Account 2: 14565
2025-09-26 10:01:39.118 [main] INFO  testCase.TC04_AccountOverview - Account Overview test passed
2025-09-26 10:01:39.118 [main] INFO  testCase.TC04_AccountOverview - Finished TC_AccountOverview 
2025-09-26 10:03:29.017 [main] INFO  testCase.TC01_Register - Browser launched and Parabank site opened
2025-09-26 10:03:29.058 [main] INFO  testCase.TC01_Register - ===== Starting Registration Test =====
2025-09-26 10:03:29.826 [main] INFO  testCase.TC01_Register - Clicked Register link
2025-09-26 10:03:31.326 [main] INFO  testCase.TC01_Register - Filled registration form with username: user1758861209826
2025-09-26 10:03:31.879 [main] INFO  testCase.TC01_Register - Clicked Register button
2025-09-26 10:03:31.893 [main] INFO  testCase.TC01_Register - Registration successful, Welcome message found
2025-09-26 10:03:31.893 [main] INFO  testCase.TC01_Register - ===== Registration Test Completed =====
2025-09-26 10:03:36.303 [main] INFO  testCase.TC02_login - Browser launched and Parabank site opened
2025-09-26 10:03:36.318 [main] INFO  testCase.TC02_login - ===== Starting Login Test =====
2025-09-26 10:03:37.795 [main] INFO  testCase.TC02_login - Login attempted with username: user1758861209826
2025-09-26 10:03:37.795 [main] INFO  testCase.TC02_login - Login attempted with username: Test@123
2025-09-26 10:03:37.795 [main] INFO  testCase.TC02_login - ===== Login Test Completed =====
2025-09-26 10:03:42.580 [main] INFO  testCase.TC03_OpenNewAccount - Browser launched and Parabank site opened
2025-09-26 10:03:42.596 [main] INFO  testCase.TC03_OpenNewAccount - ===== Starting Open New Account Test =====
2025-09-26 10:03:43.695 [main] INFO  testCase.TC03_OpenNewAccount - Logged in before opening new account
2025-09-26 10:03:44.274 [main] INFO  pageObjects.OpenNewAccount - Navigated to 'Open New Account' page
2025-09-26 10:03:44.275 [main] INFO  testCase.TC03_OpenNewAccount - Navigated to Open New Account page
2025-09-26 10:03:44.499 [main] INFO  pageObjects.OpenNewAccount - Selected Account Type: CHECKING
2025-09-26 10:03:44.499 [main] INFO  testCase.TC03_OpenNewAccount - Selected account type: CHECKING
2025-09-26 10:03:44.664 [main] INFO  pageObjects.OpenNewAccount - Selected first available funding account: 15120
2025-09-26 10:03:44.664 [main] INFO  testCase.TC03_OpenNewAccount -  
2025-09-26 10:03:44.752 [main] INFO  pageObjects.OpenNewAccount - Clicked 'Open New Account' button
2025-09-26 10:03:44.752 [main] INFO  testCase.TC03_OpenNewAccount - Clicked Open New Account button
2025-09-26 10:03:45.373 [main] INFO  pageObjects.OpenNewAccount - New Account Number generated: 15231
2025-09-26 10:03:45.378 [main] INFO  testCase.TC03_OpenNewAccount - ===== Open New Account Test Finished Successfully =====
2025-09-26 10:03:50.364 [main] INFO  testCase.TC04_AccountOverview - Browser launched and Parabank site opened
2025-09-26 10:03:50.372 [main] INFO  testCase.TC04_AccountOverview -  Starting TC04_AccountOverview
2025-09-26 10:03:51.688 [main] INFO  testCase.TC04_AccountOverview - Logged in before accessing Account Overview
2025-09-26 10:03:51.951 [main] INFO  testCase.TC04_AccountOverview - Currently available accounts: 2
2025-09-26 10:03:52.037 [main] INFO  testCase.TC04_AccountOverview - Account 1: 15120
2025-09-26 10:03:52.040 [main] INFO  testCase.TC04_AccountOverview - Account 2: 15231
2025-09-26 10:03:52.040 [main] INFO  testCase.TC04_AccountOverview - Account Overview test passed
2025-09-26 10:03:52.040 [main] INFO  testCase.TC04_AccountOverview - Finished TC_AccountOverview 
2025-09-26 10:05:43.334 [main] INFO  testCase.TC01_Register - Browser launched and Parabank site opened
2025-09-26 10:05:43.358 [main] INFO  testCase.TC01_Register - ===== Starting Registration Test =====
2025-09-26 10:05:44.028 [main] INFO  testCase.TC01_Register - Clicked Register link
2025-09-26 10:05:44.810 [main] INFO  testCase.TC01_Register - Filled registration form with username: user1758861344031
2025-09-26 10:05:45.208 [main] INFO  testCase.TC01_Register - Clicked Register button
2025-09-26 10:05:45.357 [main] INFO  testCase.TC01_Register - Registration successful, Welcome message found
2025-09-26 10:05:45.357 [main] INFO  testCase.TC01_Register - ===== Registration Test Completed =====
2025-09-26 10:05:48.521 [main] INFO  testCase.TC02_login - Browser launched and Parabank site opened
2025-09-26 10:05:48.533 [main] INFO  testCase.TC02_login - ===== Starting Login Test =====
2025-09-26 10:05:51.503 [main] INFO  testCase.TC02_login - Login attempted with username: user1758861344031
2025-09-26 10:05:51.503 [main] INFO  testCase.TC02_login - Login attempted with username: Test@123
2025-09-26 10:05:51.503 [main] INFO  testCase.TC02_login - ===== Login Test Completed =====
2025-09-26 10:05:56.020 [main] INFO  testCase.TC03_OpenNewAccount - Browser launched and Parabank site opened
2025-09-26 10:05:56.030 [main] INFO  testCase.TC03_OpenNewAccount - ===== Starting Open New Account Test =====
2025-09-26 10:05:57.294 [main] INFO  testCase.TC03_OpenNewAccount - Logged in before opening new account
2025-09-26 10:05:57.884 [main] INFO  pageObjects.OpenNewAccount - Navigated to 'Open New Account' page
2025-09-26 10:05:57.884 [main] INFO  testCase.TC03_OpenNewAccount - Navigated to Open New Account page
2025-09-26 10:05:58.040 [main] INFO  pageObjects.OpenNewAccount - Selected Account Type: CHECKING
2025-09-26 10:05:58.040 [main] INFO  testCase.TC03_OpenNewAccount - Selected account type: CHECKING
2025-09-26 10:05:58.281 [main] INFO  pageObjects.OpenNewAccount - Selected first available funding account: 15342
2025-09-26 10:05:58.281 [main] INFO  testCase.TC03_OpenNewAccount -  
2025-09-26 10:05:58.382 [main] INFO  pageObjects.OpenNewAccount - Clicked 'Open New Account' button
2025-09-26 10:05:58.382 [main] INFO  testCase.TC03_OpenNewAccount - Clicked Open New Account button
2025-09-26 10:05:59.008 [main] INFO  pageObjects.OpenNewAccount - New Account Number generated: 15564
2025-09-26 10:05:59.008 [main] INFO  testCase.TC03_OpenNewAccount - ===== Open New Account Test Finished Successfully =====
2025-09-26 10:06:03.838 [main] INFO  testCase.TC04_AccountOverview - Browser launched and Parabank site opened
2025-09-26 10:06:03.851 [main] INFO  testCase.TC04_AccountOverview -  Starting TC04_AccountOverview
2025-09-26 10:06:05.028 [main] INFO  testCase.TC04_AccountOverview - Logged in before accessing Account Overview
2025-09-26 10:06:05.323 [main] INFO  testCase.TC04_AccountOverview - Currently available accounts: 2
2025-09-26 10:06:05.425 [main] INFO  testCase.TC04_AccountOverview - Account 1: 15342
2025-09-26 10:06:05.425 [main] INFO  testCase.TC04_AccountOverview - Account 2: 15564
2025-09-26 10:06:06.286 [main] INFO  testCase.TC04_AccountOverview - Account Overview test passed
2025-09-26 10:06:06.286 [main] INFO  testCase.TC04_AccountOverview - Finished TC_AccountOverview 
2025-09-26 10:07:52.956 [main] INFO  testCase.TC01_Register - Browser launched and Parabank site opened
2025-09-26 10:07:52.998 [main] INFO  testCase.TC01_Register - ===== Starting Registration Test =====
2025-09-26 10:07:53.665 [main] INFO  testCase.TC01_Register - Clicked Register link
2025-09-26 10:07:55.350 [main] INFO  testCase.TC01_Register - Filled registration form with username: user1758861473670
2025-09-26 10:07:55.769 [main] INFO  testCase.TC01_Register - Clicked Register button
2025-09-26 10:07:56.003 [main] INFO  testCase.TC01_Register - Registration successful, Welcome message found
2025-09-26 10:07:56.003 [main] INFO  testCase.TC01_Register - ===== Registration Test Completed =====
2025-09-26 10:08:00.706 [main] INFO  testCase.TC02_login - Browser launched and Parabank site opened
2025-09-26 10:08:00.712 [main] INFO  testCase.TC02_login - ===== Starting Login Test =====
2025-09-26 10:08:02.066 [main] INFO  testCase.TC02_login - Login attempted with username: user1758861473670
2025-09-26 10:08:02.066 [main] INFO  testCase.TC02_login - Login attempted with username: Test@123
2025-09-26 10:08:02.066 [main] INFO  testCase.TC02_login - ===== Login Test Completed =====
2025-09-26 10:08:06.735 [main] INFO  testCase.TC03_OpenNewAccount - Browser launched and Parabank site opened
2025-09-26 10:08:06.740 [main] INFO  testCase.TC03_OpenNewAccount - ===== Starting Open New Account Test =====
2025-09-26 10:08:07.933 [main] INFO  testCase.TC03_OpenNewAccount - Logged in before opening new account
2025-09-26 10:08:08.514 [main] INFO  pageObjects.OpenNewAccount - Navigated to 'Open New Account' page
2025-09-26 10:08:08.514 [main] INFO  testCase.TC03_OpenNewAccount - Navigated to Open New Account page
2025-09-26 10:08:08.633 [main] INFO  pageObjects.OpenNewAccount - Selected Account Type: CHECKING
2025-09-26 10:08:08.633 [main] INFO  testCase.TC03_OpenNewAccount - Selected account type: CHECKING
2025-09-26 10:08:08.979 [main] INFO  pageObjects.OpenNewAccount - Selected first available funding account: 16008
2025-09-26 10:08:08.979 [main] INFO  testCase.TC03_OpenNewAccount -  
2025-09-26 10:08:09.073 [main] INFO  pageObjects.OpenNewAccount - Clicked 'Open New Account' button
2025-09-26 10:08:09.073 [main] INFO  testCase.TC03_OpenNewAccount - Clicked Open New Account button
2025-09-26 10:08:09.672 [main] INFO  pageObjects.OpenNewAccount - New Account Number generated: 16119
2025-09-26 10:08:09.672 [main] INFO  testCase.TC03_OpenNewAccount - ===== Open New Account Test Finished Successfully =====
2025-09-26 10:08:14.338 [main] INFO  testCase.TC04_AccountOverview - Browser launched and Parabank site opened
2025-09-26 10:08:14.347 [main] INFO  testCase.TC04_AccountOverview -  Starting TC04_AccountOverview
2025-09-26 10:08:15.645 [main] INFO  testCase.TC04_AccountOverview - Logged in before accessing Account Overview
2025-09-26 10:08:15.847 [main] INFO  testCase.TC04_AccountOverview - Currently available accounts: 2
2025-09-26 10:08:15.946 [main] INFO  testCase.TC04_AccountOverview - Account 1: 16008
2025-09-26 10:08:15.946 [main] INFO  testCase.TC04_AccountOverview - Account 2: 16119
2025-09-26 10:08:15.946 [main] INFO  testCase.TC04_AccountOverview - Account Overview test passed
2025-09-26 10:08:15.946 [main] INFO  testCase.TC04_AccountOverview - Finished TC_AccountOverview 
2025-09-26 15:10:32.211 [main] INFO  testCase.TC01_Register - Browser launched and Parabank site opened
2025-09-26 15:10:32.241 [main] INFO  testCase.TC01_Register - ===== Starting Registration Test =====
2025-09-26 15:10:32.952 [main] INFO  testCase.TC01_Register - Clicked Register link
2025-09-26 15:10:34.266 [main] INFO  testCase.TC01_Register - Filled registration form with username: user1758879632952
2025-09-26 15:10:34.824 [main] INFO  testCase.TC01_Register - Clicked Register button
2025-09-26 15:10:34.849 [main] INFO  testCase.TC01_Register - Registration successful, Welcome message found
2025-09-26 15:10:34.849 [main] INFO  testCase.TC01_Register - ===== Registration Test Completed =====
2025-09-26 15:10:39.452 [main] INFO  testCase.TC02_login - Browser launched and Parabank site opened
2025-09-26 15:10:39.466 [main] INFO  testCase.TC02_login - ===== Starting Login Test =====
2025-09-26 15:10:40.949 [main] INFO  testCase.TC02_login - Login attempted with username: user1758879632952
2025-09-26 15:10:40.950 [main] INFO  testCase.TC02_login - Login attempted with username: Test@123
2025-09-26 15:10:40.950 [main] INFO  testCase.TC02_login - ===== Login Test Completed =====
2025-09-26 15:10:45.543 [main] INFO  testCase.TC03_OpenNewAccount - Browser launched and Parabank site opened
2025-09-26 15:10:45.550 [main] INFO  testCase.TC03_OpenNewAccount - ===== Starting Open New Account Test =====
2025-09-26 15:10:46.914 [main] INFO  testCase.TC03_OpenNewAccount - Logged in before opening new account
2025-09-26 15:10:47.356 [main] INFO  pageObjects.OpenNewAccount - Navigated to 'Open New Account' page
2025-09-26 15:10:47.356 [main] INFO  testCase.TC03_OpenNewAccount - Navigated to Open New Account page
2025-09-26 15:10:47.489 [main] INFO  pageObjects.OpenNewAccount - Selected Account Type: CHECKING
2025-09-26 15:10:47.489 [main] INFO  testCase.TC03_OpenNewAccount - Selected account type: CHECKING
2025-09-26 15:10:47.832 [main] INFO  pageObjects.OpenNewAccount - Selected first available funding account: 15564
2025-09-26 15:10:47.832 [main] INFO  testCase.TC03_OpenNewAccount -  
2025-09-26 15:10:47.931 [main] INFO  pageObjects.OpenNewAccount - Clicked 'Open New Account' button
2025-09-26 15:10:47.931 [main] INFO  testCase.TC03_OpenNewAccount - Clicked Open New Account button
2025-09-26 15:10:48.519 [main] INFO  pageObjects.OpenNewAccount - New Account Number generated: 15675
2025-09-26 15:10:48.519 [main] INFO  testCase.TC03_OpenNewAccount - ===== Open New Account Test Finished Successfully =====
2025-09-26 15:10:53.077 [main] INFO  testCase.TC04_AccountOverview - Browser launched and Parabank site opened
2025-09-26 15:10:53.087 [main] INFO  testCase.TC04_AccountOverview -  Starting TC04_AccountOverview
2025-09-26 15:10:54.609 [main] INFO  testCase.TC04_AccountOverview - Logged in before accessing Account Overview
2025-09-26 15:10:54.942 [main] INFO  testCase.TC04_AccountOverview - Currently available accounts: 2
2025-09-26 15:10:55.021 [main] INFO  testCase.TC04_AccountOverview - Account 1: 15564
2025-09-26 15:10:55.021 [main] INFO  testCase.TC04_AccountOverview - Account 2: 15675
2025-09-26 15:10:55.029 [main] INFO  testCase.TC04_AccountOverview - Account Overview test passed
2025-09-26 15:10:55.029 [main] INFO  testCase.TC04_AccountOverview - Finished TC_AccountOverview 
2025-09-26 15:10:58.344 [main] INFO  testCase.TC05_Transferfund - Browser launched and Parabank site opened
2025-09-26 15:10:58.352 [main] INFO  testCase.TC05_Transferfund - ===== Starting Transfer Funds Test =====
2025-09-26 15:11:01.825 [main] INFO  testCase.TC05_Transferfund - Logged in successfully
2025-09-26 15:11:02.213 [main] INFO  testCase.TC05_Transferfund - From Account: 15564, To Account: 15675
2025-09-26 15:11:02.658 [main] INFO  pageObjects.Transferfund - Navigated to Transfer Funds page
2025-09-26 15:11:02.813 [main] INFO  pageObjects.Transferfund - Entered transfer amount: 20
2025-09-26 15:11:03.087 [main] INFO  pageObjects.Transferfund - Entered transfer amount: 15564
2025-09-26 15:11:03.214 [main] INFO  pageObjects.Transferfund - Selected To Account: 15675
2025-09-26 15:11:03.297 [main] INFO  pageObjects.Transferfund - Clicked Transfer button
2025-09-26 15:11:03.323 [main] INFO  pageObjects.Transferfund - Transfer success message displayed: false
2025-09-26 15:16:07.998 [main] INFO  testCase.TC01_Register - Browser launched and Parabank site opened
2025-09-26 15:16:08.022 [main] INFO  testCase.TC01_Register - ===== Starting Registration Test =====
2025-09-26 15:16:08.672 [main] INFO  testCase.TC01_Register - Clicked Register link
2025-09-26 15:16:09.705 [main] INFO  testCase.TC01_Register - Filled registration form with username: user1758879968676
2025-09-26 15:16:10.216 [main] INFO  testCase.TC01_Register - Clicked Register button
2025-09-26 15:16:10.230 [main] INFO  testCase.TC01_Register - Registration successful, Welcome message found
2025-09-26 15:16:10.230 [main] INFO  testCase.TC01_Register - ===== Registration Test Completed =====
2025-09-26 15:16:14.934 [main] INFO  testCase.TC02_login - Browser launched and Parabank site opened
2025-09-26 15:16:14.942 [main] INFO  testCase.TC02_login - ===== Starting Login Test =====
2025-09-26 15:16:16.696 [main] INFO  testCase.TC02_login - Login attempted with username: user1758879968676
2025-09-26 15:16:16.696 [main] INFO  testCase.TC02_login - Login attempted with username: Test@123
2025-09-26 15:16:16.698 [main] INFO  testCase.TC02_login - ===== Login Test Completed =====
2025-09-26 15:16:21.427 [main] INFO  testCase.TC03_OpenNewAccount - Browser launched and Parabank site opened
2025-09-26 15:16:21.434 [main] INFO  testCase.TC03_OpenNewAccount - ===== Starting Open New Account Test =====
2025-09-26 15:16:22.771 [main] INFO  testCase.TC03_OpenNewAccount - Logged in before opening new account
2025-09-26 15:16:23.242 [main] INFO  pageObjects.OpenNewAccount - Navigated to 'Open New Account' page
2025-09-26 15:16:23.242 [main] INFO  testCase.TC03_OpenNewAccount - Navigated to Open New Account page
2025-09-26 15:16:23.415 [main] INFO  pageObjects.OpenNewAccount - Selected Account Type: CHECKING
2025-09-26 15:16:23.415 [main] INFO  testCase.TC03_OpenNewAccount - Selected account type: CHECKING
2025-09-26 15:16:23.710 [main] INFO  pageObjects.OpenNewAccount - Selected first available funding account: 16119
2025-09-26 15:16:23.710 [main] INFO  testCase.TC03_OpenNewAccount -  
2025-09-26 15:16:23.830 [main] INFO  pageObjects.OpenNewAccount - Clicked 'Open New Account' button
2025-09-26 15:16:23.830 [main] INFO  testCase.TC03_OpenNewAccount - Clicked Open New Account button
2025-09-26 15:16:24.440 [main] INFO  pageObjects.OpenNewAccount - New Account Number generated: 16230
2025-09-26 15:16:24.440 [main] INFO  testCase.TC03_OpenNewAccount - ===== Open New Account Test Finished Successfully =====
2025-09-26 15:16:29.111 [main] INFO  testCase.TC04_AccountOverview - Browser launched and Parabank site opened
2025-09-26 15:16:29.121 [main] INFO  testCase.TC04_AccountOverview -  Starting TC04_AccountOverview
2025-09-26 15:16:30.683 [main] INFO  testCase.TC04_AccountOverview - Logged in before accessing Account Overview
2025-09-26 15:16:31.026 [main] INFO  testCase.TC04_AccountOverview - Currently available accounts: 2
2025-09-26 15:16:31.158 [main] INFO  testCase.TC04_AccountOverview - Account 1: 16119
2025-09-26 15:16:31.158 [main] INFO  testCase.TC04_AccountOverview - Account 2: 16230
2025-09-26 15:16:31.158 [main] INFO  testCase.TC04_AccountOverview - Account Overview test passed
2025-09-26 15:16:31.158 [main] INFO  testCase.TC04_AccountOverview - Finished TC_AccountOverview 
2025-09-26 15:16:35.759 [main] INFO  testCase.TC05_Transferfund - Browser launched and Parabank site opened
2025-09-26 15:16:35.767 [main] INFO  testCase.TC05_Transferfund - ===== Starting Transfer Funds Test =====
2025-09-26 15:16:37.099 [main] INFO  testCase.TC05_Transferfund - Logged in successfully
2025-09-26 15:16:37.521 [main] INFO  testCase.TC05_Transferfund - From Account: 16119, To Account: 16230
2025-09-26 15:16:38.042 [main] INFO  pageObjects.Transferfund - Navigated to Transfer Funds page
2025-09-26 15:16:38.170 [main] INFO  pageObjects.Transferfund - Entered transfer amount: 20
2025-09-26 15:16:38.429 [main] INFO  pageObjects.Transferfund - Selected From Account: 16119
2025-09-26 15:16:38.580 [main] INFO  pageObjects.Transferfund - Selected To Account: 16230
2025-09-26 15:16:38.673 [main] INFO  pageObjects.Transferfund - Clicked Transfer button
2025-09-26 15:21:08.137 [main] INFO  testCase.TC01_Register - Browser launched and Parabank site opened
2025-09-26 15:21:08.178 [main] INFO  testCase.TC01_Register - ===== Starting Registration Test =====
2025-09-26 15:21:11.929 [main] INFO  testCase.TC01_Register - Clicked Register link
2025-09-26 15:21:12.870 [main] INFO  testCase.TC01_Register - Filled registration form with username: user1758880271929
2025-09-26 15:21:13.398 [main] INFO  testCase.TC01_Register - Clicked Register button
2025-09-26 15:21:13.413 [main] INFO  testCase.TC01_Register - Registration successful, Welcome message found
2025-09-26 15:21:13.415 [main] INFO  testCase.TC01_Register - ===== Registration Test Completed =====
2025-09-26 15:21:18.878 [main] INFO  testCase.TC02_login - Browser launched and Parabank site opened
2025-09-26 15:21:18.885 [main] INFO  testCase.TC02_login - ===== Starting Login Test =====
2025-09-26 15:21:20.733 [main] INFO  testCase.TC02_login - Login attempted with username: user1758880271929
2025-09-26 15:21:20.733 [main] INFO  testCase.TC02_login - Login attempted with username: Test@123
2025-09-26 15:21:20.733 [main] INFO  testCase.TC02_login - ===== Login Test Completed =====
2025-09-26 15:21:25.714 [main] INFO  testCase.TC03_OpenNewAccount - Browser launched and Parabank site opened
2025-09-26 15:21:25.723 [main] INFO  testCase.TC03_OpenNewAccount - ===== Starting Open New Account Test =====
2025-09-26 15:21:26.990 [main] INFO  testCase.TC03_OpenNewAccount - Logged in before opening new account
2025-09-26 15:21:27.457 [main] INFO  pageObjects.OpenNewAccount - Navigated to 'Open New Account' page
2025-09-26 15:21:27.457 [main] INFO  testCase.TC03_OpenNewAccount - Navigated to Open New Account page
2025-09-26 15:21:27.708 [main] INFO  pageObjects.OpenNewAccount - Selected Account Type: CHECKING
2025-09-26 15:21:27.708 [main] INFO  testCase.TC03_OpenNewAccount - Selected account type: CHECKING
2025-09-26 15:21:28.082 [main] INFO  pageObjects.OpenNewAccount - Selected first available funding account: 16452
2025-09-26 15:21:28.082 [main] INFO  testCase.TC03_OpenNewAccount -  
2025-09-26 15:21:28.228 [main] INFO  pageObjects.OpenNewAccount - Clicked 'Open New Account' button
2025-09-26 15:21:28.228 [main] INFO  testCase.TC03_OpenNewAccount - Clicked Open New Account button
2025-09-26 15:21:28.834 [main] INFO  pageObjects.OpenNewAccount - New Account Number generated: 16563
2025-09-26 15:21:28.834 [main] INFO  testCase.TC03_OpenNewAccount - ===== Open New Account Test Finished Successfully =====
2025-09-26 15:21:33.712 [main] INFO  testCase.TC04_AccountOverview - Browser launched and Parabank site opened
2025-09-26 15:21:33.718 [main] INFO  testCase.TC04_AccountOverview -  Starting TC04_AccountOverview
2025-09-26 15:21:35.138 [main] INFO  testCase.TC04_AccountOverview - Logged in before accessing Account Overview
2025-09-26 15:21:35.520 [main] INFO  testCase.TC04_AccountOverview - Currently available accounts: 2
2025-09-26 15:21:35.673 [main] INFO  testCase.TC04_AccountOverview - Account 1: 16452
2025-09-26 15:21:35.673 [main] INFO  testCase.TC04_AccountOverview - Account 2: 16563
2025-09-26 15:21:35.673 [main] INFO  testCase.TC04_AccountOverview - Account Overview test passed
2025-09-26 15:21:35.673 [main] INFO  testCase.TC04_AccountOverview - Finished TC_AccountOverview 
2025-09-26 15:21:40.724 [main] INFO  testCase.TC05_Transferfund - Browser launched and Parabank site opened
2025-09-26 15:21:40.728 [main] INFO  testCase.TC05_Transferfund - ===== Starting Transfer Funds Test =====
2025-09-26 15:21:42.148 [main] INFO  testCase.TC05_Transferfund - Logged in successfully
2025-09-26 15:21:42.573 [main] INFO  testCase.TC05_Transferfund - From Account: 16452, To Account: 16563
2025-09-26 15:21:43.024 [main] INFO  pageObjects.Transferfund - Navigated to Transfer Funds page
2025-09-26 15:21:43.191 [main] INFO  pageObjects.Transferfund - Entered transfer amount: 20
2025-09-26 15:21:43.383 [main] INFO  pageObjects.Transferfund - Selected From Account: 16452
2025-09-26 15:21:43.526 [main] INFO  pageObjects.Transferfund - Selected To Account: 16563
2025-09-26 15:21:43.620 [main] INFO  pageObjects.Transferfund - Clicked Transfer button
2025-09-26 15:21:43.647 [main] INFO  pageObjects.Transferfund - Transfer success message displayed: false
2025-09-26 15:27:44.129 [main] INFO  testCase.TC01_Register - Browser launched and Parabank site opened
2025-09-26 15:27:44.170 [main] INFO  testCase.TC01_Register - ===== Starting Registration Test =====
2025-09-26 15:27:44.887 [main] INFO  testCase.TC01_Register - Clicked Register link
2025-09-26 15:27:45.779 [main] INFO  testCase.TC01_Register - Filled registration form with username: user1758880664892
2025-09-26 15:27:46.307 [main] INFO  testCase.TC01_Register - Clicked Register button
2025-09-26 15:27:46.336 [main] INFO  testCase.TC01_Register - Registration successful, Welcome message found
2025-09-26 15:27:46.336 [main] INFO  testCase.TC01_Register - ===== Registration Test Completed =====
2025-09-26 15:27:51.347 [main] INFO  testCase.TC02_login - Browser launched and Parabank site opened
2025-09-26 15:27:51.362 [main] INFO  testCase.TC02_login - ===== Starting Login Test =====
2025-09-26 15:27:52.895 [main] INFO  testCase.TC02_login - Login attempted with username: user1758880664892
2025-09-26 15:27:52.895 [main] INFO  testCase.TC02_login - Login attempted with username: Test@123
2025-09-26 15:27:52.895 [main] INFO  testCase.TC02_login - ===== Login Test Completed =====
2025-09-26 15:27:57.635 [main] INFO  testCase.TC03_OpenNewAccount - Browser launched and Parabank site opened
2025-09-26 15:27:57.647 [main] INFO  testCase.TC03_OpenNewAccount - ===== Starting Open New Account Test =====
2025-09-26 15:27:58.971 [main] INFO  testCase.TC03_OpenNewAccount - Logged in before opening new account
2025-09-26 15:27:59.429 [main] INFO  pageObjects.OpenNewAccount - Navigated to 'Open New Account' page
2025-09-26 15:27:59.429 [main] INFO  testCase.TC03_OpenNewAccount - Navigated to Open New Account page
2025-09-26 15:27:59.585 [main] INFO  pageObjects.OpenNewAccount - Selected Account Type: CHECKING
2025-09-26 15:27:59.585 [main] INFO  testCase.TC03_OpenNewAccount - Selected account type: CHECKING
2025-09-26 15:27:59.901 [main] INFO  pageObjects.OpenNewAccount - Selected first available funding account: 19005
2025-09-26 15:27:59.901 [main] INFO  testCase.TC03_OpenNewAccount -  
2025-09-26 15:28:00.030 [main] INFO  pageObjects.OpenNewAccount - Clicked 'Open New Account' button
2025-09-26 15:28:00.034 [main] INFO  testCase.TC03_OpenNewAccount - Clicked Open New Account button
2025-09-26 15:28:00.666 [main] INFO  pageObjects.OpenNewAccount - New Account Number generated: 19116
2025-09-26 15:28:00.666 [main] INFO  testCase.TC03_OpenNewAccount - ===== Open New Account Test Finished Successfully =====
2025-09-26 15:28:05.503 [main] INFO  testCase.TC04_AccountOverview - Browser launched and Parabank site opened
2025-09-26 15:28:05.512 [main] INFO  testCase.TC04_AccountOverview -  Starting TC04_AccountOverview
2025-09-26 15:28:06.819 [main] INFO  testCase.TC04_AccountOverview - Logged in before accessing Account Overview
2025-09-26 15:28:07.190 [main] INFO  testCase.TC04_AccountOverview - Currently available accounts: 2
2025-09-26 15:28:07.262 [main] INFO  testCase.TC04_AccountOverview - Account 1: 19005
2025-09-26 15:28:07.262 [main] INFO  testCase.TC04_AccountOverview - Account 2: 19116
2025-09-26 15:28:07.262 [main] INFO  testCase.TC04_AccountOverview - Account Overview test passed
2025-09-26 15:28:07.262 [main] INFO  testCase.TC04_AccountOverview - Finished TC_AccountOverview 
2025-09-26 15:28:11.861 [main] INFO  testCase.TC05_Transferfund - Browser launched and Parabank site opened
2025-09-26 15:28:11.869 [main] INFO  testCase.TC05_Transferfund - ===== Starting Transfer Funds Test =====
2025-09-26 15:28:13.179 [main] INFO  testCase.TC05_Transferfund - Logged in successfully
2025-09-26 15:28:13.649 [main] INFO  testCase.TC05_Transferfund - From Account: 19005, To Account: 19116
2025-09-26 15:28:14.119 [main] INFO  pageObjects.Transferfund - Navigated to Transfer Funds page
2025-09-26 15:28:14.294 [main] INFO  pageObjects.Transferfund - Entered transfer amount: 20
2025-09-26 15:28:14.574 [main] INFO  pageObjects.Transferfund - Selected From Account: 19005
2025-09-26 15:28:14.752 [main] INFO  pageObjects.Transferfund - Selected To Account: 19116
2025-09-26 15:28:14.896 [main] INFO  pageObjects.Transferfund - Clicked Transfer button
2025-09-26 15:28:15.460 [main] INFO  pageObjects.Transferfund - Transfer success message displayed: true
2025-09-26 15:28:15.463 [main] INFO  testCase.TC05_Transferfund - Transfer Funds Test Passed 
2025-09-26 16:13:57.614 [main] INFO  testCase.TC01_Register - Browser launched and Parabank site opened
2025-09-26 16:13:57.636 [main] INFO  testCase.TC01_Register - ===== Starting Registration Test =====
2025-09-26 16:13:58.241 [main] INFO  testCase.TC01_Register - Clicked Register link
2025-09-26 16:13:59.231 [main] INFO  testCase.TC01_Register - Filled registration form with username: user1758883438241
2025-09-26 16:13:59.727 [main] INFO  testCase.TC01_Register - Clicked Register button
2025-09-26 16:13:59.761 [main] INFO  testCase.TC01_Register - Registration successful, Welcome message found
2025-09-26 16:13:59.761 [main] INFO  testCase.TC01_Register - ===== Registration Test Completed =====
2025-09-26 16:14:03.995 [main] INFO  testCase.TC02_login - Browser launched and Parabank site opened
2025-09-26 16:14:04.011 [main] INFO  testCase.TC02_login - ===== Starting Login Test =====
2025-09-26 16:14:05.437 [main] INFO  testCase.TC02_login - Login attempted with username: user1758883438241
2025-09-26 16:14:05.438 [main] INFO  testCase.TC02_login - Login attempted with username: Test@123
2025-09-26 16:14:05.438 [main] INFO  testCase.TC02_login - ===== Login Test Completed =====
2025-09-26 16:14:10.155 [main] INFO  testCase.TC03_OpenNewAccount - Browser launched and Parabank site opened
2025-09-26 16:14:10.163 [main] INFO  testCase.TC03_OpenNewAccount - ===== Starting Open New Account Test =====
2025-09-26 16:14:11.496 [main] INFO  testCase.TC03_OpenNewAccount - Logged in before opening new account
2025-09-26 16:14:11.968 [main] INFO  pageObjects.OpenNewAccount - Navigated to 'Open New Account' page
2025-09-26 16:14:11.968 [main] INFO  testCase.TC03_OpenNewAccount - Navigated to Open New Account page
2025-09-26 16:14:12.203 [main] INFO  pageObjects.OpenNewAccount - Selected Account Type: CHECKING
2025-09-26 16:14:12.203 [main] INFO  testCase.TC03_OpenNewAccount - Selected account type: CHECKING
2025-09-26 16:14:12.512 [main] INFO  pageObjects.OpenNewAccount - Selected first available funding account: 27108
2025-09-26 16:14:12.512 [main] INFO  testCase.TC03_OpenNewAccount -  
2025-09-26 16:14:12.602 [main] INFO  pageObjects.OpenNewAccount - Clicked 'Open New Account' button
2025-09-26 16:14:12.602 [main] INFO  testCase.TC03_OpenNewAccount - Clicked Open New Account button
2025-09-26 16:14:13.215 [main] INFO  pageObjects.OpenNewAccount - New Account Number generated: 27552
2025-09-26 16:14:13.215 [main] INFO  testCase.TC03_OpenNewAccount - ===== Open New Account Test Finished Successfully =====
2025-09-26 16:14:17.760 [main] INFO  testCase.TC04_AccountOverview - Browser launched and Parabank site opened
2025-09-26 16:14:17.770 [main] INFO  testCase.TC04_AccountOverview -  Starting TC04_AccountOverview
2025-09-26 16:14:19.333 [main] INFO  testCase.TC04_AccountOverview - Logged in before accessing Account Overview
2025-09-26 16:14:19.606 [main] INFO  testCase.TC04_AccountOverview - Currently available accounts: 2
2025-09-26 16:14:19.705 [main] INFO  testCase.TC04_AccountOverview - Account 1: 27108
2025-09-26 16:14:19.705 [main] INFO  testCase.TC04_AccountOverview - Account 2: 27552
2025-09-26 16:14:19.705 [main] INFO  testCase.TC04_AccountOverview - Account Overview test passed
2025-09-26 16:14:19.705 [main] INFO  testCase.TC04_AccountOverview - Finished TC_AccountOverview 
2025-09-26 16:14:25.330 [main] INFO  testCase.TC05_Transferfund - Browser launched and Parabank site opened
2025-09-26 16:14:25.334 [main] INFO  testCase.TC05_Transferfund - ===== Starting Transfer Funds Test =====
2025-09-26 16:14:26.657 [main] INFO  testCase.TC05_Transferfund - Logged in successfully
2025-09-26 16:14:27.139 [main] INFO  testCase.TC05_Transferfund - From Account: 27108, To Account: 27552
2025-09-26 16:14:27.605 [main] INFO  pageObjects.Transferfund - Navigated to Transfer Funds page
2025-09-26 16:14:27.759 [main] INFO  pageObjects.Transferfund - Entered transfer amount: 20
2025-09-26 16:14:27.970 [main] INFO  pageObjects.Transferfund - Selected From Account: 27108
2025-09-26 16:14:28.116 [main] INFO  pageObjects.Transferfund - Selected To Account: 27552
2025-09-26 16:14:28.216 [main] INFO  pageObjects.Transferfund - Clicked Transfer button
2025-09-26 16:14:28.777 [main] INFO  pageObjects.Transferfund - Transfer success message displayed: true
2025-09-26 16:14:28.777 [main] INFO  testCase.TC05_Transferfund - Transfer Funds Test Passed 
2025-09-26 16:14:33.862 [main] INFO  testCase.TC06_Billpayment - Browser launched and Parabank site opened
2025-09-26 16:14:33.870 [main] INFO  testCase.TC06_Billpayment - ===== Starting Bill Payment Test =====
2025-09-26 16:14:35.222 [main] INFO  testCase.TC06_Billpayment - Logged in successfully
2025-09-26 16:14:35.618 [main] INFO  testCase.TC06_Billpayment - Pay from Account: 27108
2025-09-26 16:14:36.482 [main] INFO  pageObjects.BillPay - Navigated to Bill Pay page
2025-09-26 16:14:36.640 [main] INFO  pageObjects.BillPay - Entered Payee Name: Ganesh U
2025-09-26 16:14:36.803 [main] INFO  pageObjects.BillPay - Entered Address: 123 Street
2025-09-26 16:14:36.979 [main] INFO  pageObjects.BillPay - Entered City: CityName
2025-09-26 16:14:37.120 [main] INFO  pageObjects.BillPay - Entered State: StateName
2025-09-26 16:14:37.245 [main] INFO  pageObjects.BillPay - Entered Zip: 123456
2025-09-26 16:14:37.379 [main] INFO  pageObjects.BillPay - Entered Phone: 8547505599
2025-09-26 16:14:37.479 [main] INFO  pageObjects.BillPay - Entered Account Number: 12345
2025-09-26 16:14:37.612 [main] INFO  pageObjects.BillPay - Entered Verify Account: 12345
2025-09-26 16:14:37.729 [main] INFO  pageObjects.BillPay - Entered Amount: 50
2025-09-26 16:14:37.823 [main] INFO  pageObjects.BillPay - Selected From Account: 27108
2025-09-26 16:14:37.823 [main] INFO  pageObjects.BillPay - Filled Bill Pay form
2025-09-26 16:14:37.914 [main] INFO  pageObjects.BillPay - Clicked Send Payment button
2025-09-26 16:14:38.530 [main] INFO  pageObjects.BillPay - Bill Payment completed successfully
2025-09-26 16:14:38.530 [main] INFO  testCase.TC06_Billpayment - Bill Payment Test Passed
2025-09-26 16:21:33.992 [main] INFO  testCase.TC01_Register - Browser launched and Parabank site opened
2025-09-26 16:21:34.322 [main] INFO  testCase.TC01_Register - ===== Starting Registration Test =====
2025-09-26 16:21:35.046 [main] INFO  testCase.TC01_Register - Clicked Register link
2025-09-26 16:21:35.961 [main] INFO  testCase.TC01_Register - Filled registration form with username: user1758883895049
2025-09-26 16:21:36.371 [main] INFO  testCase.TC01_Register - Clicked Register button
2025-09-26 16:21:36.571 [main] INFO  testCase.TC01_Register - Registration successful, Welcome message found
2025-09-26 16:21:36.571 [main] INFO  testCase.TC01_Register - ===== Registration Test Completed =====
2025-09-26 16:21:36.597 [main] INFO  testCase.TC01_Register - ===== Starting Login Test =====
2025-09-26 16:21:46.679 [main] INFO  testCase.TC01_Register - ===== Starting Open New Account Test =====
2025-09-26 16:21:56.753 [main] INFO  testCase.TC01_Register -  Starting TC04_AccountOverview
2025-09-26 16:22:06.809 [main] INFO  testCase.TC01_Register - ===== Starting Transfer Funds Test =====
2025-09-26 16:22:16.847 [main] INFO  testCase.TC01_Register - ===== Starting Bill Payment Test =====
2025-09-26 16:23:06.126 [main] INFO  testCase.TC01_Register - Browser launched and Parabank site opened
2025-09-26 16:23:06.142 [main] INFO  testCase.TC01_Register - ===== Starting Registration Test =====
2025-09-26 16:23:06.783 [main] INFO  testCase.TC01_Register - Clicked Register link
2025-09-26 16:23:07.676 [main] INFO  testCase.TC01_Register - Filled registration form with username: user1758883986783
2025-09-26 16:23:08.191 [main] INFO  testCase.TC01_Register - Clicked Register button
2025-09-26 16:23:08.217 [main] INFO  testCase.TC01_Register - Registration successful, Welcome message found
2025-09-26 16:23:08.217 [main] INFO  testCase.TC01_Register - ===== Registration Test Completed =====
2025-09-26 16:23:12.713 [main] INFO  testCase.TC02_login - Browser launched and Parabank site opened
2025-09-26 16:23:12.717 [main] INFO  testCase.TC02_login - ===== Starting Login Test =====
2025-09-26 16:23:14.037 [main] INFO  testCase.TC02_login - Login attempted with username: user1758883986783
2025-09-26 16:23:14.037 [main] INFO  testCase.TC02_login - Login attempted with username: Test@123
2025-09-26 16:23:14.037 [main] INFO  testCase.TC02_login - ===== Login Test Completed =====
2025-09-26 16:23:18.643 [main] INFO  testCase.TC03_OpenNewAccount - Browser launched and Parabank site opened
2025-09-26 16:23:18.650 [main] INFO  testCase.TC03_OpenNewAccount - ===== Starting Open New Account Test =====
2025-09-26 16:23:20.005 [main] INFO  testCase.TC03_OpenNewAccount - Logged in before opening new account
2025-09-26 16:23:20.503 [main] INFO  pageObjects.OpenNewAccount - Navigated to 'Open New Account' page
2025-09-26 16:23:20.503 [main] INFO  testCase.TC03_OpenNewAccount - Navigated to Open New Account page
2025-09-26 16:23:20.641 [main] INFO  pageObjects.OpenNewAccount - Selected Account Type: CHECKING
2025-09-26 16:23:20.641 [main] INFO  testCase.TC03_OpenNewAccount - Selected account type: CHECKING
2025-09-26 16:23:20.909 [main] INFO  pageObjects.OpenNewAccount - Selected first available funding account: 13899
2025-09-26 16:23:20.909 [main] INFO  testCase.TC03_OpenNewAccount -  
2025-09-26 16:23:21.063 [main] INFO  pageObjects.OpenNewAccount - Clicked 'Open New Account' button
2025-09-26 16:23:21.063 [main] INFO  testCase.TC03_OpenNewAccount - Clicked Open New Account button
2025-09-26 16:23:21.704 [main] INFO  pageObjects.OpenNewAccount - New Account Number generated: 14010
2025-09-26 16:23:21.704 [main] INFO  testCase.TC03_OpenNewAccount - ===== Open New Account Test Finished Successfully =====
2025-09-26 16:23:26.462 [main] INFO  testCase.TC04_AccountOverview - Browser launched and Parabank site opened
2025-09-26 16:23:26.469 [main] INFO  testCase.TC04_AccountOverview -  Starting TC04_AccountOverview
2025-09-26 16:23:27.710 [main] INFO  testCase.TC04_AccountOverview - Logged in before accessing Account Overview
2025-09-26 16:23:27.931 [main] INFO  testCase.TC04_AccountOverview - Currently available accounts: 2
2025-09-26 16:23:28.058 [main] INFO  testCase.TC04_AccountOverview - Account 1: 13899
2025-09-26 16:23:28.065 [main] INFO  testCase.TC04_AccountOverview - Account 2: 14010
2025-09-26 16:23:28.065 [main] INFO  testCase.TC04_AccountOverview - Account Overview test passed
2025-09-26 16:23:28.065 [main] INFO  testCase.TC04_AccountOverview - Finished TC_AccountOverview 
2025-09-26 16:23:32.952 [main] INFO  testCase.TC05_Transferfund - Browser launched and Parabank site opened
2025-09-26 16:23:32.952 [main] INFO  testCase.TC05_Transferfund - ===== Starting Transfer Funds Test =====
2025-09-26 16:23:34.122 [main] INFO  testCase.TC05_Transferfund - Logged in successfully
2025-09-26 16:23:34.585 [main] INFO  testCase.TC05_Transferfund - From Account: 13899, To Account: 14010
2025-09-26 16:23:35.202 [main] INFO  pageObjects.Transferfund - Navigated to Transfer Funds page
2025-09-26 16:23:35.379 [main] INFO  pageObjects.Transferfund - Entered transfer amount: 20
2025-09-26 16:23:35.534 [main] INFO  pageObjects.Transferfund - Selected From Account: 13899
2025-09-26 16:23:35.717 [main] INFO  pageObjects.Transferfund - Selected To Account: 14010
2025-09-26 16:23:35.808 [main] INFO  pageObjects.Transferfund - Clicked Transfer button
2025-09-26 16:23:36.372 [main] INFO  pageObjects.Transferfund - Transfer success message displayed: true
2025-09-26 16:23:36.372 [main] INFO  testCase.TC05_Transferfund - Transfer Funds Test Passed 
2025-09-26 16:23:41.186 [main] INFO  testCase.TC06_Billpayment - Browser launched and Parabank site opened
2025-09-26 16:23:41.194 [main] INFO  testCase.TC06_Billpayment - ===== Starting Bill Payment Test =====
2025-09-26 16:23:42.484 [main] INFO  testCase.TC06_Billpayment - Logged in successfully
2025-09-26 16:23:42.762 [main] INFO  testCase.TC06_Billpayment - Pay from Account: 13899
2025-09-26 16:23:43.706 [main] INFO  pageObjects.BillPay - Navigated to Bill Pay page
2025-09-26 16:23:43.846 [main] INFO  pageObjects.BillPay - Entered Payee Name: Ganesh U
2025-09-26 16:23:43.999 [main] INFO  pageObjects.BillPay - Entered Address: 123 Street
2025-09-26 16:23:44.141 [main] INFO  pageObjects.BillPay - Entered City: CityName
2025-09-26 16:23:44.350 [main] INFO  pageObjects.BillPay - Entered State: StateName
2025-09-26 16:23:44.451 [main] INFO  pageObjects.BillPay - Entered Zip: 123456
2025-09-26 16:23:44.567 [main] INFO  pageObjects.BillPay - Entered Phone: 8547505599
2025-09-26 16:23:44.666 [main] INFO  pageObjects.BillPay - Entered Account Number: 12345
2025-09-26 16:23:44.761 [main] INFO  pageObjects.BillPay - Entered Verify Account: 12345
2025-09-26 16:23:44.860 [main] INFO  pageObjects.BillPay - Entered Amount: 50
2025-09-26 16:23:44.949 [main] INFO  pageObjects.BillPay - Selected From Account: 13899
2025-09-26 16:23:44.949 [main] INFO  pageObjects.BillPay - Filled Bill Pay form
2025-09-26 16:23:45.104 [main] INFO  pageObjects.BillPay - Clicked Send Payment button
2025-09-26 16:23:45.670 [main] INFO  pageObjects.BillPay - Bill Payment completed successfully
2025-09-26 16:23:45.670 [main] INFO  testCase.TC06_Billpayment - Bill Payment Test Passed
2025-09-26 16:44:47.694 [main] INFO  testCase.TC01_Register - Browser launched and Parabank site opened
2025-09-26 16:44:48.022 [main] INFO  testCase.TC01_Register - ===== Starting Registration Test =====
2025-09-26 16:44:49.412 [main] INFO  testCase.TC01_Register - Clicked Register link
2025-09-26 16:44:50.431 [main] INFO  testCase.TC01_Register - Filled registration form with username: user1758885289414
2025-09-26 16:44:51.091 [main] INFO  testCase.TC01_Register - Clicked Register button
2025-09-26 16:44:51.121 [main] INFO  testCase.TC01_Register - Registration successful, Welcome message found
2025-09-26 16:44:51.126 [main] INFO  testCase.TC01_Register - ===== Registration Test Completed =====
2025-09-26 16:44:51.154 [main] INFO  testCase.TC01_Register - ===== Starting Login Test =====
2025-09-26 16:45:01.174 [main] INFO  testCase.TC01_Register - ===== Starting Open New Account Test =====
2025-09-26 16:45:11.253 [main] INFO  testCase.TC01_Register -  Starting TC04_AccountOverview
2025-09-26 16:45:21.313 [main] INFO  testCase.TC01_Register - ===== Starting Transfer Funds Test =====
2025-09-26 16:45:31.398 [main] INFO  testCase.TC01_Register - ===== Starting Bill Payment Test =====
2025-09-26 16:54:38.177 [main] INFO  testCase.TC01_Register - Browser launched and Parabank site opened
2025-09-26 16:54:38.457 [main] INFO  testCase.TC01_Register - ===== Starting Registration Test =====
2025-09-26 16:54:39.016 [main] INFO  testCase.TC01_Register - Clicked Register link
2025-09-26 16:54:39.903 [main] INFO  testCase.TC01_Register - Filled registration form with username: user1758885879017
2025-09-26 16:54:41.084 [main] INFO  testCase.TC01_Register - Clicked Register button
2025-09-26 16:54:41.101 [main] INFO  testCase.TC01_Register - Registration successful, Welcome message found
2025-09-26 16:54:41.101 [main] INFO  testCase.TC01_Register - ===== Registration Test Completed =====
2025-09-26 16:54:41.116 [main] INFO  testCase.TC01_Register - ===== Starting Login Test =====
2025-09-26 16:54:51.146 [main] INFO  testCase.TC01_Register - ===== Starting Open New Account Test =====
2025-09-26 16:55:01.172 [main] INFO  testCase.TC01_Register -  Starting TC04_AccountOverview
2025-09-26 16:55:11.204 [main] INFO  testCase.TC01_Register - ===== Starting Transfer Funds Test =====
2025-09-26 16:55:21.260 [main] INFO  testCase.TC01_Register - ===== Starting Bill Payment Test =====
2025-09-26 19:22:42.586 [main] INFO  testCase.TC01_Register - Browser launched and Parabank site opened
2025-09-26 19:22:42.919 [main] INFO  testCase.TC01_Register - ===== Starting Registration Test =====
2025-09-26 19:22:43.548 [main] INFO  testCase.TC01_Register - Clicked Register link
2025-09-26 19:22:44.323 [main] INFO  testCase.TC01_Register - Filled registration form with username: user1758894763549
2025-09-26 19:22:44.829 [main] INFO  testCase.TC01_Register - Clicked Register button
2025-09-26 19:22:44.846 [main] INFO  testCase.TC01_Register - Registration successful, Welcome message found
2025-09-26 19:22:44.846 [main] INFO  testCase.TC01_Register - ===== Registration Test Completed =====
2025-09-26 19:22:44.861 [main] INFO  testCase.TC01_Register - ===== Starting Login Test =====
2025-09-26 19:22:54.908 [main] INFO  testCase.TC01_Register - ===== Starting Open New Account Test =====
2025-09-26 19:23:04.975 [main] INFO  testCase.TC01_Register -  Starting TC04_AccountOverview
2025-09-26 19:23:15.026 [main] INFO  testCase.TC01_Register - ===== Starting Transfer Funds Test =====
2025-09-26 19:23:25.064 [main] INFO  testCase.TC01_Register - ===== Starting Bill Payment Test =====
2025-09-26 19:24:22.146 [main] INFO  testCase.TC01_Register - Browser launched and Parabank site opened
2025-09-26 19:24:22.169 [main] INFO  testCase.TC01_Register - ===== Starting Registration Test =====
2025-09-26 19:24:22.758 [main] INFO  testCase.TC01_Register - Clicked Register link
2025-09-26 19:24:23.528 [main] INFO  testCase.TC01_Register - Filled registration form with username: user1758894862758
2025-09-26 19:24:24.021 [main] INFO  testCase.TC01_Register - Clicked Register button
2025-09-26 19:24:24.041 [main] INFO  testCase.TC01_Register - Registration successful, Welcome message found
2025-09-26 19:24:24.042 [main] INFO  testCase.TC01_Register - ===== Registration Test Completed =====
2025-09-26 19:24:28.756 [main] INFO  testCase.TC02_login - Browser launched and Parabank site opened
2025-09-26 19:24:28.762 [main] INFO  testCase.TC02_login - ===== Starting Login Test =====
2025-09-26 19:24:30.150 [main] INFO  testCase.TC02_login - Login attempted with username: user1758894862758
2025-09-26 19:24:30.150 [main] INFO  testCase.TC02_login - Login attempted with username: Test@123
2025-09-26 19:24:30.150 [main] INFO  testCase.TC02_login - ===== Login Test Completed =====
2025-09-26 19:24:35.990 [main] INFO  testCase.TC03_OpenNewAccount - Browser launched and Parabank site opened
2025-09-26 19:24:35.994 [main] INFO  testCase.TC03_OpenNewAccount - ===== Starting Open New Account Test =====
2025-09-26 19:24:37.172 [main] INFO  testCase.TC03_OpenNewAccount - Logged in before opening new account
2025-09-26 19:24:37.702 [main] INFO  pageObjects.OpenNewAccount - Navigated to 'Open New Account' page
2025-09-26 19:24:37.702 [main] INFO  testCase.TC03_OpenNewAccount - Navigated to Open New Account page
2025-09-26 19:24:37.933 [main] INFO  pageObjects.OpenNewAccount - Selected Account Type: CHECKING
2025-09-26 19:24:37.933 [main] INFO  testCase.TC03_OpenNewAccount - Selected account type: CHECKING
2025-09-26 19:24:38.245 [main] INFO  pageObjects.OpenNewAccount - Selected first available funding account: 14121
2025-09-26 19:24:38.245 [main] INFO  testCase.TC03_OpenNewAccount -  
2025-09-26 19:24:38.355 [main] INFO  pageObjects.OpenNewAccount - Clicked 'Open New Account' button
2025-09-26 19:24:38.357 [main] INFO  testCase.TC03_OpenNewAccount - Clicked Open New Account button
2025-09-26 19:24:38.949 [main] INFO  pageObjects.OpenNewAccount - New Account Number generated: 14232
2025-09-26 19:24:38.949 [main] INFO  testCase.TC03_OpenNewAccount - ===== Open New Account Test Finished Successfully =====
2025-09-26 19:24:44.610 [main] INFO  testCase.TC04_AccountOverview - Browser launched and Parabank site opened
2025-09-26 19:24:44.615 [main] INFO  testCase.TC04_AccountOverview -  Starting TC04_AccountOverview
2025-09-26 19:24:46.110 [main] INFO  testCase.TC04_AccountOverview - Logged in before accessing Account Overview
2025-09-26 19:24:46.507 [main] INFO  testCase.TC04_AccountOverview - Currently available accounts: 2
2025-09-26 19:24:46.581 [main] INFO  testCase.TC04_AccountOverview - Account 1: 14121
2025-09-26 19:24:46.581 [main] INFO  testCase.TC04_AccountOverview - Account 2: 14232
2025-09-26 19:24:46.581 [main] INFO  testCase.TC04_AccountOverview - Account Overview test passed
2025-09-26 19:24:46.581 [main] INFO  testCase.TC04_AccountOverview - Finished TC_AccountOverview 
2025-09-26 19:24:51.932 [main] INFO  testCase.TC05_Transferfund - Browser launched and Parabank site opened
2025-09-26 19:24:51.942 [main] INFO  testCase.TC05_Transferfund - ===== Starting Transfer Funds Test =====
2025-09-26 19:24:53.720 [main] INFO  testCase.TC05_Transferfund - Logged in successfully
2025-09-26 19:24:54.028 [main] INFO  testCase.TC05_Transferfund - From Account: 14121, To Account: 14232
2025-09-26 19:24:54.516 [main] INFO  pageObjects.Transferfund - Navigated to Transfer Funds page
2025-09-26 19:24:54.660 [main] INFO  pageObjects.Transferfund - Entered transfer amount: 20
2025-09-26 19:24:54.876 [main] INFO  pageObjects.Transferfund - Selected From Account: 14121
2025-09-26 19:24:55.053 [main] INFO  pageObjects.Transferfund - Selected To Account: 14232
2025-09-26 19:24:55.139 [main] INFO  pageObjects.Transferfund - Clicked Transfer button
2025-09-26 19:24:55.699 [main] INFO  pageObjects.Transferfund - Transfer success message displayed: true
2025-09-26 19:24:55.699 [main] INFO  testCase.TC05_Transferfund - Transfer Funds Test Passed 
2025-09-26 19:25:00.815 [main] INFO  testCase.TC06_Billpayment - Browser launched and Parabank site opened
2025-09-26 19:25:00.823 [main] INFO  testCase.TC06_Billpayment - ===== Starting Bill Payment Test =====
2025-09-26 19:25:01.137 [main] INFO  testCase.TC06_Billpayment - Logged in successfully
2025-09-26 19:25:02.501 [main] INFO  testCase.TC06_Billpayment - Pay from Account: 14121
2025-09-26 19:25:03.258 [main] INFO  pageObjects.BillPay - Navigated to Bill Pay page
2025-09-26 19:25:03.422 [main] INFO  pageObjects.BillPay - Entered Payee Name: Ganesh U
2025-09-26 19:25:03.588 [main] INFO  pageObjects.BillPay - Entered Address: 123 Street
2025-09-26 19:25:03.712 [main] INFO  pageObjects.BillPay - Entered City: CityName
2025-09-26 19:25:03.882 [main] INFO  pageObjects.BillPay - Entered State: StateName
2025-09-26 19:25:04.045 [main] INFO  pageObjects.BillPay - Entered Zip: 123456
2025-09-26 19:25:04.179 [main] INFO  pageObjects.BillPay - Entered Phone: 8547505599
2025-09-26 19:25:04.290 [main] INFO  pageObjects.BillPay - Entered Account Number: 12345
2025-09-26 19:25:04.420 [main] INFO  pageObjects.BillPay - Entered Verify Account: 12345
2025-09-26 19:25:04.544 [main] INFO  pageObjects.BillPay - Entered Amount: 50
2025-09-26 19:25:04.657 [main] INFO  pageObjects.BillPay - Selected From Account: 14121
2025-09-26 19:25:04.657 [main] INFO  pageObjects.BillPay - Filled Bill Pay form
2025-09-26 19:25:04.742 [main] INFO  pageObjects.BillPay - Clicked Send Payment button
2025-09-26 19:25:05.297 [main] INFO  pageObjects.BillPay - Bill Payment completed successfully
2025-09-26 19:25:05.297 [main] INFO  testCase.TC06_Billpayment - Bill Payment Test Passed
2025-09-26 19:52:43.395 [main] INFO  testCase.TC01_Register - Browser launched and Parabank site opened
2025-09-26 19:52:43.415 [main] INFO  testCase.TC01_Register - ===== Starting Registration Test =====
2025-09-26 19:52:44.065 [main] INFO  testCase.TC01_Register - Clicked Register link
2025-09-26 19:52:44.888 [main] INFO  testCase.TC01_Register - Filled registration form with username: user1758896564065
2025-09-26 19:52:45.422 [main] INFO  testCase.TC01_Register - Clicked Register button
2025-09-26 19:52:45.437 [main] INFO  testCase.TC01_Register - Registration successful, Welcome message found
2025-09-26 19:52:45.439 [main] INFO  testCase.TC01_Register - ===== Registration Test Completed =====
2025-09-26 19:52:49.839 [main] INFO  testCase.TC02_login - Browser launched and Parabank site opened
2025-09-26 19:52:49.847 [main] INFO  testCase.TC02_login - ===== Starting Login Test =====
2025-09-26 19:52:51.564 [main] INFO  testCase.TC02_login - Login attempted with username: user1758896564065
2025-09-26 19:52:51.564 [main] INFO  testCase.TC02_login - Login attempted with username: Test@123
2025-09-26 19:52:51.565 [main] INFO  testCase.TC02_login - ===== Login Test Completed =====
2025-09-26 19:52:56.415 [main] INFO  testCase.TC03_OpenNewAccount - Browser launched and Parabank site opened
2025-09-26 19:52:56.421 [main] INFO  testCase.TC03_OpenNewAccount - ===== Starting Open New Account Test =====
2025-09-26 19:52:57.692 [main] INFO  testCase.TC03_OpenNewAccount - Logged in before opening new account
2025-09-26 19:52:58.147 [main] INFO  pageObjects.OpenNewAccount - Navigated to 'Open New Account' page
2025-09-26 19:52:58.147 [main] INFO  testCase.TC03_OpenNewAccount - Navigated to Open New Account page
2025-09-26 19:52:58.299 [main] INFO  pageObjects.OpenNewAccount - Selected Account Type: CHECKING
2025-09-26 19:52:58.299 [main] INFO  testCase.TC03_OpenNewAccount - Selected account type: CHECKING
2025-09-26 19:52:58.545 [main] INFO  pageObjects.OpenNewAccount - Selected first available funding account: 16674
2025-09-26 19:52:58.545 [main] INFO  testCase.TC03_OpenNewAccount -  
2025-09-26 19:52:58.628 [main] INFO  pageObjects.OpenNewAccount - Clicked 'Open New Account' button
2025-09-26 19:52:58.629 [main] INFO  testCase.TC03_OpenNewAccount - Clicked Open New Account button
2025-09-26 19:52:59.216 [main] INFO  pageObjects.OpenNewAccount - New Account Number generated: 16785
2025-09-26 19:52:59.216 [main] INFO  testCase.TC03_OpenNewAccount - ===== Open New Account Test Finished Successfully =====
2025-09-26 19:53:04.400 [main] INFO  testCase.TC04_AccountOverview - Browser launched and Parabank site opened
2025-09-26 19:53:04.408 [main] INFO  testCase.TC04_AccountOverview -  Starting TC04_AccountOverview
2025-09-26 19:53:05.997 [main] INFO  testCase.TC04_AccountOverview - Logged in before accessing Account Overview
2025-09-26 19:53:06.204 [main] INFO  testCase.TC04_AccountOverview - Currently available accounts: 2
2025-09-26 19:53:06.300 [main] INFO  testCase.TC04_AccountOverview - Account 1: 16674
2025-09-26 19:53:06.300 [main] INFO  testCase.TC04_AccountOverview - Account 2: 16785
2025-09-26 19:53:06.300 [main] INFO  testCase.TC04_AccountOverview - Account Overview test passed
2025-09-26 19:53:06.300 [main] INFO  testCase.TC04_AccountOverview - Finished TC_AccountOverview 
2025-09-26 19:53:11.011 [main] INFO  testCase.TC05_Transferfund - Browser launched and Parabank site opened
2025-09-26 19:53:11.015 [main] INFO  testCase.TC05_Transferfund - ===== Starting Transfer Funds Test =====
2025-09-26 19:53:12.111 [main] INFO  testCase.TC05_Transferfund - Logged in successfully
2025-09-26 19:53:12.472 [main] INFO  testCase.TC05_Transferfund - From Account: 16674, To Account: 16785
2025-09-26 19:53:12.898 [main] INFO  pageObjects.Transferfund - Navigated to Transfer Funds page
2025-09-26 19:53:13.040 [main] INFO  pageObjects.Transferfund - Entered transfer amount: 20
2025-09-26 19:53:13.241 [main] INFO  pageObjects.Transferfund - Selected From Account: 16674
2025-09-26 19:53:13.421 [main] INFO  pageObjects.Transferfund - Selected To Account: 16785
2025-09-26 19:53:13.494 [main] INFO  pageObjects.Transferfund - Clicked Transfer button
2025-09-26 19:53:14.041 [main] INFO  pageObjects.Transferfund - Transfer success message displayed: true
2025-09-26 19:53:14.041 [main] INFO  testCase.TC05_Transferfund - Transfer Funds Test Passed 
2025-09-26 19:53:18.707 [main] INFO  testCase.TC06_Billpayment - Browser launched and Parabank site opened
2025-09-26 19:53:18.713 [main] INFO  testCase.TC06_Billpayment - ===== Starting Bill Payment Test =====
2025-09-26 19:53:19.918 [main] INFO  testCase.TC06_Billpayment - Logged in successfully
2025-09-26 19:53:20.216 [main] INFO  testCase.TC06_Billpayment - Pay from Account: 16674
2025-09-26 19:53:20.734 [main] INFO  pageObjects.BillPay - Navigated to Bill Pay page
2025-09-26 19:53:20.952 [main] INFO  pageObjects.BillPay - Entered Payee Name: Ganesh U
2025-09-26 19:53:21.131 [main] INFO  pageObjects.BillPay - Entered Address: 123 Street
2025-09-26 19:53:21.288 [main] INFO  pageObjects.BillPay - Entered City: CityName
2025-09-26 19:53:21.419 [main] INFO  pageObjects.BillPay - Entered State: StateName
2025-09-26 19:53:21.605 [main] INFO  pageObjects.BillPay - Entered Zip: 123456
2025-09-26 19:53:21.788 [main] INFO  pageObjects.BillPay - Entered Phone: 8547505599
2025-09-26 19:53:21.912 [main] INFO  pageObjects.BillPay - Entered Account Number: 12345
2025-09-26 19:53:22.065 [main] INFO  pageObjects.BillPay - Entered Verify Account: 12345
2025-09-26 19:53:22.211 [main] INFO  pageObjects.BillPay - Entered Amount: 50
2025-09-26 19:53:22.321 [main] INFO  pageObjects.BillPay - Selected From Account: 16674
2025-09-26 19:53:22.321 [main] INFO  pageObjects.BillPay - Filled Bill Pay form
2025-09-26 19:53:22.428 [main] INFO  pageObjects.BillPay - Clicked Send Payment button
2025-09-26 19:53:22.989 [main] INFO  pageObjects.BillPay - Bill Payment completed successfully
2025-09-26 19:53:22.990 [main] INFO  testCase.TC06_Billpayment - Bill Payment Test Passed
2025-09-26 19:53:27.398 [main] INFO  testCase.TC08_Updatecontact - Browser launched and Parabank site opened
2025-09-26 19:53:27.405 [main] INFO  testCase.TC08_Updatecontact - ===== Starting Update Contact Info Test =====
2025-09-26 19:53:28.575 [main] INFO  testCase.TC08_Updatecontact - Logged in successfully
2025-09-26 19:53:29.445 [main] INFO  testCase.TC08_Updatecontact - Navigated to Update Contact Info page
2025-09-26 19:53:30.381 [main] INFO  testCase.TC08_Updatecontact - Entered new contact info
2025-09-26 19:53:30.465 [main] INFO  testCase.TC08_Updatecontact - Clicked Update Profile
2025-09-26 19:53:30.476 [main] INFO  testCase.TC08_Updatecontact - Update Contact Info Test Passed
2025-09-26 19:53:30.476 [main] INFO  testCase.TC08_Updatecontact - ===== Update Contact Info Test Completed =====
2025-09-26 20:19:24.744 [main] INFO  testCase.TC06_Billpayment - Browser launched and Parabank site opened
2025-09-26 20:19:24.759 [main] INFO  testCase.TC06_Billpayment - ===== Starting Bill Payment Test =====
2025-09-26 20:38:46.809 [main] INFO  testCase.TC01_Register - Browser launched and Parabank site opened
2025-09-26 20:38:46.830 [main] INFO  testCase.TC01_Register - ===== Starting Registration Test =====
2025-09-26 20:38:48.321 [main] INFO  testCase.TC01_Register - Clicked Register link
2025-09-26 20:38:49.104 [main] INFO  testCase.TC01_Register - Filled registration form with username: user1758899328321
2025-09-26 20:38:49.540 [main] INFO  testCase.TC01_Register - Clicked Register button
2025-09-26 20:38:49.827 [main] INFO  testCase.TC01_Register - Registration successful, Welcome message found
2025-09-26 20:38:49.829 [main] INFO  testCase.TC01_Register - ===== Registration Test Completed =====
2025-09-26 20:38:54.808 [main] INFO  testCase.TC02_login - Browser launched and Parabank site opened
2025-09-26 20:38:54.815 [main] INFO  testCase.TC02_login - ===== Starting Login Test =====
2025-09-26 20:38:56.589 [main] INFO  testCase.TC02_login - Login attempted with username: user1758899328321
2025-09-26 20:38:56.589 [main] INFO  testCase.TC02_login - Login attempted with username: Test@123
2025-09-26 20:38:56.590 [main] INFO  testCase.TC02_login - ===== Login Test Completed =====
2025-09-26 20:39:01.810 [main] INFO  testCase.TC03_OpenNewAccount - Browser launched and Parabank site opened
2025-09-26 20:39:01.817 [main] INFO  testCase.TC03_OpenNewAccount - ===== Starting Open New Account Test =====
2025-09-26 20:39:03.411 [main] INFO  testCase.TC03_OpenNewAccount - Logged in before opening new account
2025-09-26 20:39:03.959 [main] INFO  pageObjects.OpenNewAccount - Navigated to 'Open New Account' page
2025-09-26 20:39:03.960 [main] INFO  testCase.TC03_OpenNewAccount - Navigated to Open New Account page
2025-09-26 20:39:04.141 [main] INFO  pageObjects.OpenNewAccount - Selected Account Type: CHECKING
2025-09-26 20:39:04.141 [main] INFO  testCase.TC03_OpenNewAccount - Selected account type: CHECKING
2025-09-26 20:39:04.447 [main] INFO  pageObjects.OpenNewAccount - Selected first available funding account: 18339
2025-09-26 20:39:04.447 [main] INFO  testCase.TC03_OpenNewAccount -  
2025-09-26 20:39:04.605 [main] INFO  pageObjects.OpenNewAccount - Clicked 'Open New Account' button
2025-09-26 20:39:04.605 [main] INFO  testCase.TC03_OpenNewAccount - Clicked Open New Account button
2025-09-26 20:39:05.233 [main] INFO  pageObjects.OpenNewAccount - New Account Number generated: 18450
2025-09-26 20:39:05.233 [main] INFO  testCase.TC03_OpenNewAccount - ===== Open New Account Test Finished Successfully =====
2025-09-26 20:39:11.281 [main] INFO  testCase.TC04_AccountOverview - Browser launched and Parabank site opened
2025-09-26 20:39:11.285 [main] INFO  testCase.TC04_AccountOverview -  Starting TC04_AccountOverview
2025-09-26 20:39:13.015 [main] INFO  testCase.TC04_AccountOverview - Logged in before accessing Account Overview
2025-09-26 20:39:13.409 [main] INFO  testCase.TC04_AccountOverview - Currently available accounts: 2
2025-09-26 20:39:13.512 [main] INFO  testCase.TC04_AccountOverview - Account 1: 18339
2025-09-26 20:39:13.512 [main] INFO  testCase.TC04_AccountOverview - Account 2: 18450
2025-09-26 20:39:13.513 [main] INFO  testCase.TC04_AccountOverview - Account Overview test passed
2025-09-26 20:39:13.513 [main] INFO  testCase.TC04_AccountOverview - Finished TC_AccountOverview 
2025-09-26 20:39:18.630 [main] INFO  testCase.TC05_Transferfund - Browser launched and Parabank site opened
2025-09-26 20:39:18.633 [main] INFO  testCase.TC05_Transferfund - ===== Starting Transfer Funds Test =====
2025-09-26 20:39:20.288 [main] INFO  testCase.TC05_Transferfund - Logged in successfully
2025-09-26 20:39:20.537 [main] INFO  testCase.TC05_Transferfund - From Account: 18339, To Account: 18450
2025-09-26 20:39:21.039 [main] INFO  pageObjects.Transferfund - Navigated to Transfer Funds page
2025-09-26 20:39:21.220 [main] INFO  pageObjects.Transferfund - Entered transfer amount: 20
2025-09-26 20:39:21.796 [main] INFO  pageObjects.Transferfund - Selected From Account: 18339
2025-09-26 20:39:21.951 [main] INFO  pageObjects.Transferfund - Selected To Account: 18450
2025-09-26 20:39:22.040 [main] INFO  pageObjects.Transferfund - Clicked Transfer button
2025-09-26 20:39:22.591 [main] INFO  pageObjects.Transferfund - Transfer success message displayed: true
2025-09-26 20:39:22.592 [main] INFO  testCase.TC05_Transferfund - Transfer Funds Test Passed 
2025-09-26 20:39:27.950 [main] INFO  testCase.TC06_Billpayment - Browser launched and Parabank site opened
2025-09-26 20:39:27.955 [main] INFO  testCase.TC06_Billpayment - ===== Starting Bill Payment Test =====
2025-09-26 20:39:30.196 [main] INFO  testCase.TC06_Billpayment - Logged in successfully
2025-09-26 20:39:30.569 [main] INFO  testCase.TC06_Billpayment - Pay from Account: 18339
2025-09-26 20:39:31.404 [main] INFO  pageObjects.BillPay - Navigated to Bill Pay page
2025-09-26 20:39:31.533 [main] INFO  pageObjects.BillPay - Entered Payee Name: Ganesh U
2025-09-26 20:39:31.653 [main] INFO  pageObjects.BillPay - Entered Address: 123 Street
2025-09-26 20:39:31.839 [main] INFO  pageObjects.BillPay - Entered City: CityName
2025-09-26 20:39:31.941 [main] INFO  pageObjects.BillPay - Entered State: StateName
2025-09-26 20:39:32.054 [main] INFO  pageObjects.BillPay - Entered Zip: 123456
2025-09-26 20:39:32.201 [main] INFO  pageObjects.BillPay - Entered Phone: 8547505599
2025-09-26 20:39:32.355 [main] INFO  pageObjects.BillPay - Entered Account Number: 12345
2025-09-26 20:39:32.502 [main] INFO  pageObjects.BillPay - Entered Verify Account: 12345
2025-09-26 20:39:32.600 [main] INFO  pageObjects.BillPay - Entered Amount: 50
2025-09-26 20:39:32.693 [main] INFO  pageObjects.BillPay - Selected From Account: 18339
2025-09-26 20:39:32.693 [main] INFO  pageObjects.BillPay - Filled Bill Pay form
2025-09-26 20:39:32.792 [main] INFO  pageObjects.BillPay - Clicked Send Payment button
2025-09-26 20:39:33.366 [main] INFO  pageObjects.BillPay - Bill Payment completed successfully
2025-09-26 20:39:33.367 [main] INFO  testCase.TC06_Billpayment - Bill Payment Test Passed
2025-09-26 20:39:38.570 [main] INFO  testCase.TC08_Updatecontact - Browser launched and Parabank site opened
2025-09-26 20:39:38.581 [main] INFO  testCase.TC08_Updatecontact - ===== Starting Update Contact Info Test =====
2025-09-26 20:39:40.088 [main] INFO  testCase.TC08_Updatecontact - Logged in successfully
2025-09-26 20:39:40.616 [main] INFO  testCase.TC08_Updatecontact - Navigated to Update Contact Info page
2025-09-26 20:39:41.509 [main] INFO  testCase.TC08_Updatecontact - Entered new contact info
2025-09-26 20:39:41.588 [main] INFO  testCase.TC08_Updatecontact - Clicked Update Profile
2025-09-26 20:39:41.600 [main] INFO  testCase.TC08_Updatecontact - Update Contact Info Test Passed
2025-09-26 20:39:41.600 [main] INFO  testCase.TC08_Updatecontact - ===== Update Contact Info Test Completed =====
