2025-09-27 09:40:49.298 [main] INFO  testCase.TC01_Register - Browser launched and Parabank site opened
2025-09-27 09:40:49.324 [main] INFO  testCase.TC01_Register - ===== Starting Registration Test =====
2025-09-27 09:40:51.693 [main] INFO  testCase.TC01_Register - Clicked Register link
2025-09-27 09:40:52.533 [main] INFO  testCase.TC01_Register - Filled registration form with username: user1758946251694
2025-09-27 09:40:53.759 [main] INFO  testCase.TC01_Register - Clicked Register button
2025-09-27 09:40:53.780 [main] INFO  testCase.TC01_Register - Registration successful, Welcome message found
2025-09-27 09:40:53.780 [main] INFO  testCase.TC01_Register - ===== Registration Test Completed =====
2025-09-27 09:40:58.101 [main] INFO  testCase.TC02_login - Browser launched and Parabank site opened
2025-09-27 09:40:58.107 [main] INFO  testCase.TC02_login - ===== Starting Login Test =====
2025-09-27 09:41:00.549 [main] INFO  testCase.TC02_login - Login attempted with username: user1758946251694
2025-09-27 09:41:00.549 [main] INFO  testCase.TC02_login - Login attempted with username: Test@123
2025-09-27 09:41:00.549 [main] INFO  testCase.TC02_login - ===== Login Test Completed =====
2025-09-27 09:41:04.968 [main] INFO  testCase.TC03_OpenNewAccount - Browser launched and Parabank site opened
2025-09-27 09:41:04.973 [main] INFO  testCase.TC03_OpenNewAccount - ===== Starting Open New Account Test =====
2025-09-27 09:41:06.089 [main] INFO  testCase.TC03_OpenNewAccount - Logged in before opening new account
2025-09-27 09:41:06.538 [main] INFO  pageObjects.OpenNewAccount - Navigated to 'Open New Account' page
2025-09-27 09:41:06.539 [main] INFO  testCase.TC03_OpenNewAccount - Navigated to Open New Account page
2025-09-27 09:41:06.724 [main] INFO  pageObjects.OpenNewAccount - Selected Account Type: CHECKING
2025-09-27 09:41:06.725 [main] INFO  testCase.TC03_OpenNewAccount - Selected account type: CHECKING
2025-09-27 09:41:06.957 [main] INFO  pageObjects.OpenNewAccount - Selected first available funding account: 14787
2025-09-27 09:41:06.957 [main] INFO  testCase.TC03_OpenNewAccount -  
2025-09-27 09:41:07.041 [main] INFO  pageObjects.OpenNewAccount - Clicked 'Open New Account' button
2025-09-27 09:41:07.041 [main] INFO  testCase.TC03_OpenNewAccount - Clicked Open New Account button
2025-09-27 09:41:07.630 [main] INFO  pageObjects.OpenNewAccount - New Account Number generated: 14898
2025-09-27 09:41:07.630 [main] INFO  testCase.TC03_OpenNewAccount - ===== Open New Account Test Finished Successfully =====
2025-09-27 09:41:12.822 [main] INFO  testCase.TC04_AccountOverview - Browser launched and Parabank site opened
2025-09-27 09:41:12.827 [main] INFO  testCase.TC04_AccountOverview -  Starting TC04_AccountOverview
2025-09-27 09:41:13.925 [main] INFO  testCase.TC04_AccountOverview - Logged in before accessing Account Overview
2025-09-27 09:41:14.213 [main] INFO  testCase.TC04_AccountOverview - Currently available accounts: 2
2025-09-27 09:41:14.324 [main] INFO  testCase.TC04_AccountOverview - Account 1: 14787
2025-09-27 09:41:14.324 [main] INFO  testCase.TC04_AccountOverview - Account 2: 14898
2025-09-27 09:41:14.324 [main] INFO  testCase.TC04_AccountOverview - Account Overview test passed
2025-09-27 09:41:14.324 [main] INFO  testCase.TC04_AccountOverview - Finished TC_AccountOverview 
2025-09-27 09:41:18.990 [main] INFO  testCase.TC05_Transferfund - Browser launched and Parabank site opened
2025-09-27 09:41:18.996 [main] INFO  testCase.TC05_Transferfund - ===== Starting Transfer Funds Test =====
2025-09-27 09:41:20.052 [main] INFO  testCase.TC05_Transferfund - Logged in successfully
2025-09-27 09:41:20.380 [main] INFO  testCase.TC05_Transferfund - From Account: 14787, To Account: 14898
2025-09-27 09:41:20.815 [main] INFO  pageObjects.Transferfund - Navigated to Transfer Funds page
2025-09-27 09:41:20.942 [main] INFO  pageObjects.Transferfund - Entered transfer amount: 20
2025-09-27 09:41:21.126 [main] INFO  pageObjects.Transferfund - Selected From Account: 14787
2025-09-27 09:41:21.270 [main] INFO  pageObjects.Transferfund - Selected To Account: 14898
2025-09-27 09:41:21.368 [main] INFO  pageObjects.Transferfund - Clicked Transfer button
2025-09-27 09:41:21.932 [main] INFO  pageObjects.Transferfund - Transfer success message displayed: true
2025-09-27 09:41:21.932 [main] INFO  testCase.TC05_Transferfund - Transfer Funds Test Passed 
2025-09-27 09:41:26.797 [main] INFO  testCase.TC06_Billpayment - Browser launched and Parabank site opened
2025-09-27 09:41:26.801 [main] INFO  testCase.TC06_Billpayment - ===== Starting Bill Payment Test =====
2025-09-27 09:41:28.027 [main] INFO  testCase.TC06_Billpayment - Logged in successfully
2025-09-27 09:41:28.324 [main] INFO  testCase.TC06_Billpayment - Pay from Account: 14787
2025-09-27 09:41:28.791 [main] INFO  pageObjects.BillPay - Navigated to Bill Pay page
2025-09-27 09:41:28.956 [main] INFO  pageObjects.BillPay - Entered Payee Name: Ganesh U
2025-09-27 09:41:29.094 [main] INFO  pageObjects.BillPay - Entered Address: 123 Street
2025-09-27 09:41:29.219 [main] INFO  pageObjects.BillPay - Entered City: CityName
2025-09-27 09:41:29.365 [main] INFO  pageObjects.BillPay - Entered State: StateName
2025-09-27 09:41:29.489 [main] INFO  pageObjects.BillPay - Entered Zip: 123456
2025-09-27 09:41:29.638 [main] INFO  pageObjects.BillPay - Entered Phone: 8547505599
2025-09-27 09:41:29.773 [main] INFO  pageObjects.BillPay - Entered Account Number: 12345
2025-09-27 09:41:29.957 [main] INFO  pageObjects.BillPay - Entered Verify Account: 12345
2025-09-27 09:41:30.082 [main] INFO  pageObjects.BillPay - Entered Amount: 50
2025-09-27 09:41:30.197 [main] INFO  pageObjects.BillPay - Selected From Account: 14787
2025-09-27 09:41:30.197 [main] INFO  pageObjects.BillPay - Filled Bill Pay form
2025-09-27 09:41:30.296 [main] INFO  pageObjects.BillPay - Clicked Send Payment button
2025-09-27 09:41:30.852 [main] INFO  pageObjects.BillPay - Bill Payment completed successfully
2025-09-27 09:41:30.852 [main] INFO  testCase.TC06_Billpayment - Bill Payment Test Passed
2025-09-27 09:41:35.189 [main] INFO  testCase.TC08_Updatecontact - Browser launched and Parabank site opened
2025-09-27 09:41:35.195 [main] INFO  testCase.TC08_Updatecontact - ===== Starting Update Contact Info Test =====
2025-09-27 09:41:35.488 [main] INFO  testCase.TC08_Updatecontact - Logged in successfully
2025-09-27 09:41:36.860 [main] INFO  testCase.TC08_Updatecontact - Navigated to Update Contact Info page
2025-09-27 09:41:37.791 [main] INFO  testCase.TC08_Updatecontact - Entered new contact info
2025-09-27 09:41:37.873 [main] INFO  testCase.TC08_Updatecontact - Clicked Update Profile
2025-09-27 09:41:37.885 [main] INFO  testCase.TC08_Updatecontact - Update Contact Info Test Passed
2025-09-27 09:41:37.886 [main] INFO  testCase.TC08_Updatecontact - ===== Update Contact Info Test Completed =====
2025-09-27 10:32:02.254 [main] INFO  testCase.TC01_Register - Browser launched and Parabank site opened
2025-09-27 10:32:02.279 [main] INFO  testCase.TC01_Register - ===== Starting Registration Test =====
2025-09-27 10:32:02.868 [main] INFO  testCase.TC01_Register - Clicked Register link
2025-09-27 10:32:04.609 [main] INFO  testCase.TC01_Register - Filled registration form with username: user1758949322868
2025-09-27 10:32:05.085 [main] INFO  testCase.TC01_Register - Clicked Register button
2025-09-27 10:32:05.220 [main] INFO  testCase.TC01_Register - Registration successful, Welcome message found
2025-09-27 10:32:05.220 [main] INFO  testCase.TC01_Register - ===== Registration Test Completed =====
2025-09-27 10:32:10.553 [main] INFO  testCase.TC02_login - Browser launched and Parabank site opened
2025-09-27 10:32:10.564 [main] INFO  testCase.TC02_login - ===== Starting Login Test =====
2025-09-27 10:32:11.886 [main] INFO  testCase.TC02_login - Login attempted with username: user1758949322868
2025-09-27 10:32:11.886 [main] INFO  testCase.TC02_login - Login attempted with username: Test@123
2025-09-27 10:32:11.886 [main] INFO  testCase.TC02_login - ===== Login Test Completed =====
2025-09-27 10:32:16.655 [main] INFO  testCase.TC03_OpenNewAccount - Browser launched and Parabank site opened
2025-09-27 10:32:16.659 [main] INFO  testCase.TC03_OpenNewAccount - ===== Starting Open New Account Test =====
2025-09-27 10:32:17.769 [main] INFO  testCase.TC03_OpenNewAccount - Logged in before opening new account
2025-09-27 10:32:18.198 [main] INFO  pageObjects.OpenNewAccount - Navigated to 'Open New Account' page
2025-09-27 10:32:18.198 [main] INFO  testCase.TC03_OpenNewAccount - Navigated to Open New Account page
2025-09-27 10:32:18.351 [main] INFO  pageObjects.OpenNewAccount - Selected Account Type: CHECKING
2025-09-27 10:32:18.351 [main] INFO  testCase.TC03_OpenNewAccount - Selected account type: CHECKING
2025-09-27 10:32:18.678 [main] INFO  pageObjects.OpenNewAccount - Selected first available funding account: 13677
2025-09-27 10:32:18.679 [main] INFO  testCase.TC03_OpenNewAccount -  
2025-09-27 10:32:18.797 [main] INFO  pageObjects.OpenNewAccount - Clicked 'Open New Account' button
2025-09-27 10:32:18.797 [main] INFO  testCase.TC03_OpenNewAccount - Clicked Open New Account button
2025-09-27 10:32:19.390 [main] INFO  pageObjects.OpenNewAccount - New Account Number generated: 13788
2025-09-27 10:32:19.390 [main] INFO  testCase.TC03_OpenNewAccount - ===== Open New Account Test Finished Successfully =====
2025-09-27 10:32:24.246 [main] INFO  testCase.TC04_AccountOverview - Browser launched and Parabank site opened
2025-09-27 10:32:24.264 [main] INFO  testCase.TC04_AccountOverview -  Starting TC04_AccountOverview
2025-09-27 10:32:24.532 [main] INFO  testCase.TC04_AccountOverview - Logged in before accessing Account Overview
2025-09-27 10:32:25.666 [main] INFO  testCase.TC04_AccountOverview - Currently available accounts: 2
2025-09-27 10:32:25.736 [main] INFO  testCase.TC04_AccountOverview - Account 1: 13677
2025-09-27 10:32:25.736 [main] INFO  testCase.TC04_AccountOverview - Account 2: 13788
2025-09-27 10:32:25.736 [main] INFO  testCase.TC04_AccountOverview - Account Overview test passed
2025-09-27 10:32:25.736 [main] INFO  testCase.TC04_AccountOverview - Finished TC_AccountOverview 
2025-09-27 10:32:30.349 [main] INFO  testCase.TC05_Transferfund - Browser launched and Parabank site opened
2025-09-27 10:32:30.367 [main] INFO  testCase.TC05_Transferfund - ===== Starting Transfer Funds Test =====
2025-09-27 10:32:31.401 [main] INFO  testCase.TC05_Transferfund - Logged in successfully
2025-09-27 10:32:31.756 [main] INFO  testCase.TC05_Transferfund - From Account: 13677, To Account: 13788
2025-09-27 10:32:32.194 [main] INFO  pageObjects.Transferfund - Navigated to Transfer Funds page
2025-09-27 10:32:32.341 [main] INFO  pageObjects.Transferfund - Entered transfer amount: 20
2025-09-27 10:32:32.530 [main] INFO  pageObjects.Transferfund - Selected From Account: 13677
2025-09-27 10:32:32.657 [main] INFO  pageObjects.Transferfund - Selected To Account: 13788
2025-09-27 10:32:32.733 [main] INFO  pageObjects.Transferfund - Clicked Transfer button
2025-09-27 10:32:33.284 [main] INFO  pageObjects.Transferfund - Transfer success message displayed: true
2025-09-27 10:32:33.284 [main] INFO  testCase.TC05_Transferfund - Transfer Funds Test Passed 
2025-09-27 10:32:37.753 [main] INFO  testCase.TC06_Billpayment - Browser launched and Parabank site opened
2025-09-27 10:32:37.764 [main] INFO  testCase.TC06_Billpayment - ===== Starting Bill Payment Test =====
2025-09-27 10:32:39.171 [main] INFO  testCase.TC06_Billpayment - Logged in successfully
2025-09-27 10:32:39.409 [main] INFO  testCase.TC06_Billpayment - Pay from Account: 13677
2025-09-27 10:32:40.103 [main] INFO  pageObjects.BillPay - Navigated to Bill Pay page
2025-09-27 10:32:40.258 [main] INFO  pageObjects.BillPay - Entered Payee Name: Ganesh U
2025-09-27 10:32:40.381 [main] INFO  pageObjects.BillPay - Entered Address: 123 Street
2025-09-27 10:32:40.486 [main] INFO  pageObjects.BillPay - Entered City: CityName
2025-09-27 10:32:40.609 [main] INFO  pageObjects.BillPay - Entered State: StateName
2025-09-27 10:32:40.712 [main] INFO  pageObjects.BillPay - Entered Zip: 123456
2025-09-27 10:32:40.868 [main] INFO  pageObjects.BillPay - Entered Phone: 8547505599
2025-09-27 10:32:40.992 [main] INFO  pageObjects.BillPay - Entered Account Number: 12345
2025-09-27 10:32:41.093 [main] INFO  pageObjects.BillPay - Entered Verify Account: 12345
2025-09-27 10:32:41.183 [main] INFO  pageObjects.BillPay - Entered Amount: 50
2025-09-27 10:32:41.260 [main] INFO  pageObjects.BillPay - Selected From Account: 13677
2025-09-27 10:32:41.260 [main] INFO  pageObjects.BillPay - Filled Bill Pay form
2025-09-27 10:32:41.350 [main] INFO  pageObjects.BillPay - Clicked Send Payment button
2025-09-27 10:32:41.931 [main] INFO  pageObjects.BillPay - Bill Payment completed successfully
2025-09-27 10:32:41.933 [main] INFO  testCase.TC06_Billpayment - Bill Payment Test Passed
2025-09-27 10:32:46.261 [main] INFO  testCase.TC08_Updatecontact - Browser launched and Parabank site opened
2025-09-27 10:32:46.265 [main] INFO  testCase.TC08_Updatecontact - ===== Starting Update Contact Info Test =====
2025-09-27 10:32:47.355 [main] INFO  testCase.TC08_Updatecontact - Logged in successfully
2025-09-27 10:32:47.861 [main] INFO  testCase.TC08_Updatecontact - Navigated to Update Contact Info page
2025-09-27 10:32:48.767 [main] INFO  testCase.TC08_Updatecontact - Entered new contact info
2025-09-27 10:32:48.851 [main] INFO  testCase.TC08_Updatecontact - Clicked Update Profile
2025-09-27 10:32:48.860 [main] INFO  testCase.TC08_Updatecontact - Update Contact Info Test Passed
2025-09-27 10:32:48.860 [main] INFO  testCase.TC08_Updatecontact - ===== Update Contact Info Test Completed =====
2025-09-27 10:32:53.773 [main] INFO  testCase.TC09_requestloan - Browser launched and Parabank site opened
2025-09-27 10:32:53.787 [main] INFO  testCase.TC09_requestloan - ===== Starting Request Loan Test =====
2025-09-27 10:32:54.903 [main] INFO  testCase.TC09_requestloan - Logged in successfully
2025-09-27 10:32:55.174 [main] INFO  testCase.TC09_requestloan - Using Account for Loan Request: 13677
2025-09-27 10:32:55.777 [main] INFO  testCase.TC09_requestloan - Navigated to Request Loan Page
2025-09-27 10:39:38.598 [main] INFO  testCase.TC01_Register - Browser launched and Parabank site opened
2025-09-27 10:39:38.631 [main] INFO  testCase.TC01_Register - ===== Starting Registration Test =====
2025-09-27 10:39:40.267 [main] INFO  testCase.TC01_Register - Clicked Register link
2025-09-27 10:39:41.299 [main] INFO  testCase.TC01_Register - Filled registration form with username: user1758949780267
2025-09-27 10:39:41.791 [main] INFO  testCase.TC01_Register - Clicked Register button
2025-09-27 10:39:41.859 [main] INFO  testCase.TC01_Register - Registration successful, Welcome message found
2025-09-27 10:39:41.859 [main] INFO  testCase.TC01_Register - ===== Registration Test Completed =====
2025-09-27 10:39:46.182 [main] INFO  testCase.TC02_login - Browser launched and Parabank site opened
2025-09-27 10:39:46.186 [main] INFO  testCase.TC02_login - ===== Starting Login Test =====
2025-09-27 10:39:47.566 [main] INFO  testCase.TC02_login - Login attempted with username: user1758949780267
2025-09-27 10:39:47.566 [main] INFO  testCase.TC02_login - Login attempted with username: Test@123
2025-09-27 10:39:47.566 [main] INFO  testCase.TC02_login - ===== Login Test Completed =====
2025-09-27 10:39:52.012 [main] INFO  testCase.TC03_OpenNewAccount - Browser launched and Parabank site opened
2025-09-27 10:39:52.017 [main] INFO  testCase.TC03_OpenNewAccount - ===== Starting Open New Account Test =====
2025-09-27 10:39:53.351 [main] INFO  testCase.TC03_OpenNewAccount - Logged in before opening new account
2025-09-27 10:39:53.755 [main] INFO  pageObjects.OpenNewAccount - Navigated to 'Open New Account' page
2025-09-27 10:39:53.755 [main] INFO  testCase.TC03_OpenNewAccount - Navigated to Open New Account page
2025-09-27 10:39:53.889 [main] INFO  pageObjects.OpenNewAccount - Selected Account Type: CHECKING
2025-09-27 10:39:53.889 [main] INFO  testCase.TC03_OpenNewAccount - Selected account type: CHECKING
2025-09-27 10:39:54.153 [main] INFO  pageObjects.OpenNewAccount - Selected first available funding account: 14454
2025-09-27 10:39:54.153 [main] INFO  testCase.TC03_OpenNewAccount -  
2025-09-27 10:39:54.222 [main] INFO  pageObjects.OpenNewAccount - Clicked 'Open New Account' button
2025-09-27 10:39:54.222 [main] INFO  testCase.TC03_OpenNewAccount - Clicked Open New Account button
2025-09-27 10:39:54.807 [main] INFO  pageObjects.OpenNewAccount - New Account Number generated: 14565
2025-09-27 10:39:54.819 [main] INFO  testCase.TC03_OpenNewAccount - ===== Open New Account Test Finished Successfully =====
2025-09-27 10:40:00.006 [main] INFO  testCase.TC04_AccountOverview - Browser launched and Parabank site opened
2025-09-27 10:40:00.020 [main] INFO  testCase.TC04_AccountOverview -  Starting TC04_AccountOverview
2025-09-27 10:40:01.260 [main] INFO  testCase.TC04_AccountOverview - Logged in before accessing Account Overview
2025-09-27 10:40:01.499 [main] INFO  testCase.TC04_AccountOverview - Currently available accounts: 2
2025-09-27 10:40:01.596 [main] INFO  testCase.TC04_AccountOverview - Account 1: 14454
2025-09-27 10:40:01.596 [main] INFO  testCase.TC04_AccountOverview - Account 2: 14565
2025-09-27 10:40:01.596 [main] INFO  testCase.TC04_AccountOverview - Account Overview test passed
2025-09-27 10:40:01.596 [main] INFO  testCase.TC04_AccountOverview - Finished TC_AccountOverview 
2025-09-27 10:40:06.268 [main] INFO  testCase.TC05_Transferfund - Browser launched and Parabank site opened
2025-09-27 10:40:06.279 [main] INFO  testCase.TC05_Transferfund - ===== Starting Transfer Funds Test =====
2025-09-27 10:40:07.411 [main] INFO  testCase.TC05_Transferfund - Logged in successfully
2025-09-27 10:40:07.839 [main] INFO  testCase.TC05_Transferfund - From Account: 14454, To Account: 14565
2025-09-27 10:40:08.329 [main] INFO  pageObjects.Transferfund - Navigated to Transfer Funds page
2025-09-27 10:40:08.451 [main] INFO  pageObjects.Transferfund - Entered transfer amount: 20
2025-09-27 10:40:08.637 [main] INFO  pageObjects.Transferfund - Selected From Account: 14454
2025-09-27 10:40:08.766 [main] INFO  pageObjects.Transferfund - Selected To Account: 14565
2025-09-27 10:40:08.845 [main] INFO  pageObjects.Transferfund - Clicked Transfer button
2025-09-27 10:40:09.395 [main] INFO  pageObjects.Transferfund - Transfer success message displayed: true
2025-09-27 10:40:09.395 [main] INFO  testCase.TC05_Transferfund - Transfer Funds Test Passed 
2025-09-27 10:40:13.910 [main] INFO  testCase.TC06_Billpayment - Browser launched and Parabank site opened
2025-09-27 10:40:13.921 [main] INFO  testCase.TC06_Billpayment - ===== Starting Bill Payment Test =====
2025-09-27 10:40:15.118 [main] INFO  testCase.TC06_Billpayment - Logged in successfully
2025-09-27 10:40:15.406 [main] INFO  testCase.TC06_Billpayment - Pay from Account: 14454
2025-09-27 10:40:15.851 [main] INFO  pageObjects.BillPay - Navigated to Bill Pay page
2025-09-27 10:40:16.044 [main] INFO  pageObjects.BillPay - Entered Payee Name: Ganesh U
2025-09-27 10:40:16.197 [main] INFO  pageObjects.BillPay - Entered Address: 123 Street
2025-09-27 10:40:16.349 [main] INFO  pageObjects.BillPay - Entered City: CityName
2025-09-27 10:40:16.490 [main] INFO  pageObjects.BillPay - Entered State: StateName
2025-09-27 10:40:16.668 [main] INFO  pageObjects.BillPay - Entered Zip: 123456
2025-09-27 10:40:16.839 [main] INFO  pageObjects.BillPay - Entered Phone: 8547505599
2025-09-27 10:40:16.987 [main] INFO  pageObjects.BillPay - Entered Account Number: 12345
2025-09-27 10:40:17.146 [main] INFO  pageObjects.BillPay - Entered Verify Account: 12345
2025-09-27 10:40:17.302 [main] INFO  pageObjects.BillPay - Entered Amount: 50
2025-09-27 10:40:17.419 [main] INFO  pageObjects.BillPay - Selected From Account: 14454
2025-09-27 10:40:17.419 [main] INFO  pageObjects.BillPay - Filled Bill Pay form
2025-09-27 10:40:17.510 [main] INFO  pageObjects.BillPay - Clicked Send Payment button
2025-09-27 10:40:18.077 [main] INFO  pageObjects.BillPay - Bill Payment completed successfully
2025-09-27 10:40:18.077 [main] INFO  testCase.TC06_Billpayment - Bill Payment Test Passed
2025-09-27 10:40:22.358 [main] INFO  testCase.TC08_Updatecontact - Browser launched and Parabank site opened
2025-09-27 10:40:22.367 [main] INFO  testCase.TC08_Updatecontact - ===== Starting Update Contact Info Test =====
2025-09-27 10:40:22.707 [main] INFO  testCase.TC08_Updatecontact - Logged in successfully
2025-09-27 10:40:24.161 [main] INFO  testCase.TC08_Updatecontact - Navigated to Update Contact Info page
2025-09-27 10:40:25.192 [main] INFO  testCase.TC08_Updatecontact - Entered new contact info
2025-09-27 10:40:25.302 [main] INFO  testCase.TC08_Updatecontact - Clicked Update Profile
2025-09-27 10:40:25.318 [main] INFO  testCase.TC08_Updatecontact - Update Contact Info Test Passed
2025-09-27 10:40:25.318 [main] INFO  testCase.TC08_Updatecontact - ===== Update Contact Info Test Completed =====
2025-09-27 10:40:30.207 [main] INFO  testCase.TC09_requestloan - Browser launched and Parabank site opened
2025-09-27 10:40:30.220 [main] INFO  testCase.TC09_requestloan - ===== Starting Request Loan Test =====
2025-09-27 10:40:31.331 [main] INFO  testCase.TC09_requestloan - Logged in successfully
2025-09-27 10:40:31.671 [main] INFO  testCase.TC09_requestloan - Using Account for Loan Request: 14454
2025-09-27 10:40:32.208 [main] INFO  testCase.TC09_requestloan - Navigated to Request Loan Page
2025-09-27 10:41:05.684 [main] INFO  testCase.TC01_Register - Browser launched and Parabank site opened
2025-09-27 10:41:05.724 [main] INFO  testCase.TC01_Register - ===== Starting Registration Test =====
2025-09-27 10:41:06.290 [main] INFO  testCase.TC01_Register - Clicked Register link
2025-09-27 10:41:07.128 [main] INFO  testCase.TC01_Register - Filled registration form with username: user1758949866292
2025-09-27 10:41:07.614 [main] INFO  testCase.TC01_Register - Clicked Register button
2025-09-27 10:41:07.623 [main] INFO  testCase.TC01_Register - Registration successful, Welcome message found
2025-09-27 10:41:07.623 [main] INFO  testCase.TC01_Register - ===== Registration Test Completed =====
2025-09-27 10:41:12.731 [main] INFO  testCase.TC02_login - Browser launched and Parabank site opened
2025-09-27 10:41:12.733 [main] INFO  testCase.TC02_login - ===== Starting Login Test =====
2025-09-27 10:41:14.336 [main] INFO  testCase.TC02_login - Login attempted with username: user1758949866292
2025-09-27 10:41:14.336 [main] INFO  testCase.TC02_login - Login attempted with username: Test@123
2025-09-27 10:41:14.336 [main] INFO  testCase.TC02_login - ===== Login Test Completed =====
2025-09-27 10:41:20.756 [main] INFO  testCase.TC03_OpenNewAccount - Browser launched and Parabank site opened
2025-09-27 10:41:20.759 [main] INFO  testCase.TC03_OpenNewAccount - ===== Starting Open New Account Test =====
2025-09-27 10:41:22.161 [main] INFO  testCase.TC03_OpenNewAccount - Logged in before opening new account
2025-09-27 10:41:22.681 [main] INFO  pageObjects.OpenNewAccount - Navigated to 'Open New Account' page
2025-09-27 10:41:22.683 [main] INFO  testCase.TC03_OpenNewAccount - Navigated to Open New Account page
2025-09-27 10:41:22.872 [main] INFO  pageObjects.OpenNewAccount - Selected Account Type: CHECKING
2025-09-27 10:41:22.872 [main] INFO  testCase.TC03_OpenNewAccount - Selected account type: CHECKING
2025-09-27 10:41:23.094 [main] INFO  pageObjects.OpenNewAccount - Selected first available funding account: 15009
2025-09-27 10:41:23.094 [main] INFO  testCase.TC03_OpenNewAccount -  
2025-09-27 10:41:23.225 [main] INFO  pageObjects.OpenNewAccount - Clicked 'Open New Account' button
2025-09-27 10:41:23.225 [main] INFO  testCase.TC03_OpenNewAccount - Clicked Open New Account button
2025-09-27 10:41:23.854 [main] INFO  pageObjects.OpenNewAccount - New Account Number generated: 15231
2025-09-27 10:41:23.854 [main] INFO  testCase.TC03_OpenNewAccount - ===== Open New Account Test Finished Successfully =====
2025-09-27 10:41:28.677 [main] INFO  testCase.TC04_AccountOverview - Browser launched and Parabank site opened
2025-09-27 10:41:28.680 [main] INFO  testCase.TC04_AccountOverview -  Starting TC04_AccountOverview
2025-09-27 10:41:29.904 [main] INFO  testCase.TC04_AccountOverview - Logged in before accessing Account Overview
2025-09-27 10:41:30.175 [main] INFO  testCase.TC04_AccountOverview - Currently available accounts: 2
2025-09-27 10:41:30.274 [main] INFO  testCase.TC04_AccountOverview - Account 1: 15009
2025-09-27 10:41:30.274 [main] INFO  testCase.TC04_AccountOverview - Account 2: 15231
2025-09-27 10:41:30.274 [main] INFO  testCase.TC04_AccountOverview - Account Overview test passed
2025-09-27 10:41:30.274 [main] INFO  testCase.TC04_AccountOverview - Finished TC_AccountOverview 
2025-09-27 10:41:35.929 [main] INFO  testCase.TC05_Transferfund - Browser launched and Parabank site opened
2025-09-27 10:41:35.939 [main] INFO  testCase.TC05_Transferfund - ===== Starting Transfer Funds Test =====
2025-09-27 10:41:37.059 [main] INFO  testCase.TC05_Transferfund - Logged in successfully
2025-09-27 10:41:37.423 [main] INFO  testCase.TC05_Transferfund - From Account: 15009, To Account: 15231
2025-09-27 10:41:37.922 [main] INFO  pageObjects.Transferfund - Navigated to Transfer Funds page
2025-09-27 10:41:38.362 [main] INFO  pageObjects.Transferfund - Entered transfer amount: 20
2025-09-27 10:41:38.595 [main] INFO  pageObjects.Transferfund - Selected From Account: 15009
2025-09-27 10:41:38.894 [main] INFO  pageObjects.Transferfund - Selected To Account: 15231
2025-09-27 10:41:39.050 [main] INFO  pageObjects.Transferfund - Clicked Transfer button
2025-09-27 10:41:39.696 [main] INFO  pageObjects.Transferfund - Transfer success message displayed: true
2025-09-27 10:41:39.696 [main] INFO  testCase.TC05_Transferfund - Transfer Funds Test Passed 
2025-09-27 10:41:45.101 [main] INFO  testCase.TC06_Billpayment - Browser launched and Parabank site opened
2025-09-27 10:41:45.110 [main] INFO  testCase.TC06_Billpayment - ===== Starting Bill Payment Test =====
2025-09-27 10:41:46.291 [main] INFO  testCase.TC06_Billpayment - Logged in successfully
2025-09-27 10:41:46.660 [main] INFO  testCase.TC06_Billpayment - Pay from Account: 15009
2025-09-27 10:41:47.168 [main] INFO  pageObjects.BillPay - Navigated to Bill Pay page
2025-09-27 10:41:47.348 [main] INFO  pageObjects.BillPay - Entered Payee Name: Ganesh U
2025-09-27 10:41:47.551 [main] INFO  pageObjects.BillPay - Entered Address: 123 Street
2025-09-27 10:41:47.801 [main] INFO  pageObjects.BillPay - Entered City: CityName
2025-09-27 10:41:48.030 [main] INFO  pageObjects.BillPay - Entered State: StateName
2025-09-27 10:41:48.216 [main] INFO  pageObjects.BillPay - Entered Zip: 123456
2025-09-27 10:41:48.371 [main] INFO  pageObjects.BillPay - Entered Phone: 8547505599
2025-09-27 10:41:48.471 [main] INFO  pageObjects.BillPay - Entered Account Number: 12345
2025-09-27 10:41:48.578 [main] INFO  pageObjects.BillPay - Entered Verify Account: 12345
2025-09-27 10:41:48.702 [main] INFO  pageObjects.BillPay - Entered Amount: 50
2025-09-27 10:41:48.824 [main] INFO  pageObjects.BillPay - Selected From Account: 15009
2025-09-27 10:41:48.824 [main] INFO  pageObjects.BillPay - Filled Bill Pay form
2025-09-27 10:41:49.104 [main] INFO  pageObjects.BillPay - Clicked Send Payment button
2025-09-27 10:41:49.672 [main] INFO  pageObjects.BillPay - Bill Payment completed successfully
2025-09-27 10:41:49.672 [main] INFO  testCase.TC06_Billpayment - Bill Payment Test Passed
2025-09-27 10:41:54.332 [main] INFO  testCase.TC08_Updatecontact - Browser launched and Parabank site opened
2025-09-27 10:41:54.336 [main] INFO  testCase.TC08_Updatecontact - ===== Starting Update Contact Info Test =====
2025-09-27 10:41:55.605 [main] INFO  testCase.TC08_Updatecontact - Logged in successfully
2025-09-27 10:41:56.141 [main] INFO  testCase.TC08_Updatecontact - Navigated to Update Contact Info page
2025-09-27 10:41:57.207 [main] INFO  testCase.TC08_Updatecontact - Entered new contact info
2025-09-27 10:41:57.286 [main] INFO  testCase.TC08_Updatecontact - Clicked Update Profile
2025-09-27 10:41:57.290 [main] INFO  testCase.TC08_Updatecontact - Update Contact Info Test Passed
2025-09-27 10:41:57.290 [main] INFO  testCase.TC08_Updatecontact - ===== Update Contact Info Test Completed =====
2025-09-27 10:42:02.204 [main] INFO  testCase.TC09_requestloan - Browser launched and Parabank site opened
2025-09-27 10:42:02.207 [main] INFO  testCase.TC09_requestloan - ===== Starting Request Loan Test =====
2025-09-27 10:42:03.501 [main] INFO  testCase.TC09_requestloan - Logged in successfully
2025-09-27 10:42:03.766 [main] INFO  testCase.TC09_requestloan - Using Account for Loan Request: 15009
2025-09-27 10:42:04.358 [main] INFO  testCase.TC09_requestloan - Navigated to Request Loan Page
2025-09-27 10:51:55.013 [main] INFO  testCase.TC01_Register - Browser launched and Parabank site opened
2025-09-27 10:51:55.037 [main] INFO  testCase.TC01_Register - ===== Starting Registration Test =====
2025-09-27 10:51:55.613 [main] INFO  testCase.TC01_Register - Clicked Register link
2025-09-27 10:51:56.488 [main] INFO  testCase.TC01_Register - Filled registration form with username: user1758950515613
2025-09-27 10:51:56.874 [main] INFO  testCase.TC01_Register - Clicked Register button
2025-09-27 10:51:56.964 [main] INFO  testCase.TC01_Register - Registration successful, Welcome message found
2025-09-27 10:51:56.964 [main] INFO  testCase.TC01_Register - ===== Registration Test Completed =====
2025-09-27 10:52:01.560 [main] INFO  testCase.TC02_login - Browser launched and Parabank site opened
2025-09-27 10:52:01.574 [main] INFO  testCase.TC02_login - ===== Starting Login Test =====
2025-09-27 10:52:03.103 [main] INFO  testCase.TC02_login - Login attempted with username: user1758950515613
2025-09-27 10:52:03.104 [main] INFO  testCase.TC02_login - Login attempted with username: Test@123
2025-09-27 10:52:03.105 [main] INFO  testCase.TC02_login - ===== Login Test Completed =====
2025-09-27 10:52:07.755 [main] INFO  testCase.TC03_OpenNewAccount - Browser launched and Parabank site opened
2025-09-27 10:52:07.761 [main] INFO  testCase.TC03_OpenNewAccount - ===== Starting Open New Account Test =====
2025-09-27 10:52:08.878 [main] INFO  testCase.TC03_OpenNewAccount - Logged in before opening new account
2025-09-27 10:52:09.324 [main] INFO  pageObjects.OpenNewAccount - Navigated to 'Open New Account' page
2025-09-27 10:52:09.324 [main] INFO  testCase.TC03_OpenNewAccount - Navigated to Open New Account page
2025-09-27 10:52:09.436 [main] INFO  pageObjects.OpenNewAccount - Selected Account Type: CHECKING
2025-09-27 10:52:09.436 [main] INFO  testCase.TC03_OpenNewAccount - Selected account type: CHECKING
2025-09-27 10:52:09.820 [main] INFO  pageObjects.OpenNewAccount - Selected first available funding account: 13899
2025-09-27 10:52:09.820 [main] INFO  testCase.TC03_OpenNewAccount -  
2025-09-27 10:52:09.906 [main] INFO  pageObjects.OpenNewAccount - Clicked 'Open New Account' button
2025-09-27 10:52:09.906 [main] INFO  testCase.TC03_OpenNewAccount - Clicked Open New Account button
2025-09-27 10:52:10.553 [main] INFO  pageObjects.OpenNewAccount - New Account Number generated: 14010
2025-09-27 10:52:10.553 [main] INFO  testCase.TC03_OpenNewAccount - ===== Open New Account Test Finished Successfully =====
2025-09-27 10:52:15.108 [main] INFO  testCase.TC04_AccountOverview - Browser launched and Parabank site opened
2025-09-27 10:52:15.114 [main] INFO  testCase.TC04_AccountOverview -  Starting TC04_AccountOverview
2025-09-27 10:52:16.175 [main] INFO  testCase.TC04_AccountOverview - Logged in before accessing Account Overview
2025-09-27 10:52:16.436 [main] INFO  testCase.TC04_AccountOverview - Currently available accounts: 2
2025-09-27 10:52:16.502 [main] INFO  testCase.TC04_AccountOverview - Account 1: 13899
2025-09-27 10:52:16.502 [main] INFO  testCase.TC04_AccountOverview - Account 2: 14010
2025-09-27 10:52:16.502 [main] INFO  testCase.TC04_AccountOverview - Account Overview test passed
2025-09-27 10:52:16.502 [main] INFO  testCase.TC04_AccountOverview - Finished TC_AccountOverview 
2025-09-27 10:52:21.321 [main] INFO  testCase.TC05_Transferfund - Browser launched and Parabank site opened
2025-09-27 10:52:21.340 [main] INFO  testCase.TC05_Transferfund - ===== Starting Transfer Funds Test =====
2025-09-27 10:52:22.459 [main] INFO  testCase.TC05_Transferfund - Logged in successfully
2025-09-27 10:52:22.814 [main] INFO  testCase.TC05_Transferfund - From Account: 13899, To Account: 14010
2025-09-27 10:52:23.317 [main] INFO  pageObjects.Transferfund - Navigated to Transfer Funds page
2025-09-27 10:52:23.465 [main] INFO  pageObjects.Transferfund - Entered transfer amount: 20
2025-09-27 10:52:23.636 [main] INFO  pageObjects.Transferfund - Selected From Account: 13899
2025-09-27 10:52:23.841 [main] INFO  pageObjects.Transferfund - Selected To Account: 14010
2025-09-27 10:52:23.936 [main] INFO  pageObjects.Transferfund - Clicked Transfer button
2025-09-27 10:52:24.499 [main] INFO  pageObjects.Transferfund - Transfer success message displayed: true
2025-09-27 10:52:24.499 [main] INFO  testCase.TC05_Transferfund - Transfer Funds Test Passed 
2025-09-27 10:52:28.988 [main] INFO  testCase.TC06_Billpayment - Browser launched and Parabank site opened
2025-09-27 10:52:28.994 [main] INFO  testCase.TC06_Billpayment - ===== Starting Bill Payment Test =====
2025-09-27 10:52:30.384 [main] INFO  testCase.TC06_Billpayment - Logged in successfully
2025-09-27 10:52:30.721 [main] INFO  testCase.TC06_Billpayment - Pay from Account: 13899
2025-09-27 10:52:31.201 [main] INFO  pageObjects.BillPay - Navigated to Bill Pay page
2025-09-27 10:52:31.428 [main] INFO  pageObjects.BillPay - Entered Payee Name: Ganesh U
2025-09-27 10:52:31.578 [main] INFO  pageObjects.BillPay - Entered Address: 123 Street
2025-09-27 10:52:31.745 [main] INFO  pageObjects.BillPay - Entered City: CityName
2025-09-27 10:52:31.879 [main] INFO  pageObjects.BillPay - Entered State: StateName
2025-09-27 10:52:31.996 [main] INFO  pageObjects.BillPay - Entered Zip: 123456
2025-09-27 10:52:32.119 [main] INFO  pageObjects.BillPay - Entered Phone: 8547505599
2025-09-27 10:52:32.262 [main] INFO  pageObjects.BillPay - Entered Account Number: 12345
2025-09-27 10:52:32.391 [main] INFO  pageObjects.BillPay - Entered Verify Account: 12345
2025-09-27 10:52:32.522 [main] INFO  pageObjects.BillPay - Entered Amount: 50
2025-09-27 10:52:32.641 [main] INFO  pageObjects.BillPay - Selected From Account: 13899
2025-09-27 10:52:32.641 [main] INFO  pageObjects.BillPay - Filled Bill Pay form
2025-09-27 10:52:32.769 [main] INFO  pageObjects.BillPay - Clicked Send Payment button
2025-09-27 10:52:33.369 [main] INFO  pageObjects.BillPay - Bill Payment completed successfully
2025-09-27 10:52:33.369 [main] INFO  testCase.TC06_Billpayment - Bill Payment Test Passed
2025-09-27 10:52:37.991 [main] INFO  testCase.TC08_Updatecontact - Browser launched and Parabank site opened
2025-09-27 10:52:38.002 [main] INFO  testCase.TC08_Updatecontact - ===== Starting Update Contact Info Test =====
2025-09-27 10:52:39.142 [main] INFO  testCase.TC08_Updatecontact - Logged in successfully
2025-09-27 10:52:39.659 [main] INFO  testCase.TC08_Updatecontact - Navigated to Update Contact Info page
2025-09-27 10:52:40.703 [main] INFO  testCase.TC08_Updatecontact - Entered new contact info
2025-09-27 10:52:40.815 [main] INFO  testCase.TC08_Updatecontact - Clicked Update Profile
2025-09-27 10:52:40.821 [main] INFO  testCase.TC08_Updatecontact - Update Contact Info Test Passed
2025-09-27 10:52:40.821 [main] INFO  testCase.TC08_Updatecontact - ===== Update Contact Info Test Completed =====
2025-09-27 10:52:45.582 [main] INFO  testCase.TC09_requestloan - Browser launched and Parabank site opened
2025-09-27 10:52:45.586 [main] INFO  testCase.TC09_requestloan - ===== Starting Request Loan Test =====
2025-09-27 10:52:46.263 [main] INFO  testCase.TC09_requestloan - Logged in successfully
2025-09-27 10:58:19.706 [main] INFO  testCase.TC01_Register - Browser launched and Parabank site opened
2025-09-27 10:58:19.735 [main] INFO  testCase.TC01_Register - ===== Starting Registration Test =====
2025-09-27 10:58:20.346 [main] INFO  testCase.TC01_Register - Clicked Register link
2025-09-27 10:58:21.516 [main] INFO  testCase.TC01_Register - Filled registration form with username: user1758950900346
2025-09-27 10:58:21.669 [main] INFO  testCase.TC01_Register - Clicked Register button
2025-09-27 10:58:26.515 [main] INFO  testCase.TC02_login - Browser launched and Parabank site opened
2025-09-27 10:58:26.519 [main] INFO  testCase.TC02_login - ===== Starting Login Test =====
2025-09-27 10:58:31.971 [main] INFO  testCase.TC03_OpenNewAccount - Browser launched and Parabank site opened
2025-09-27 10:58:36.784 [main] INFO  testCase.TC04_AccountOverview - Browser launched and Parabank site opened
2025-09-27 10:58:41.605 [main] INFO  testCase.TC05_Transferfund - Browser launched and Parabank site opened
2025-09-27 10:58:46.287 [main] INFO  testCase.TC06_Billpayment - Browser launched and Parabank site opened
2025-09-27 10:58:51.341 [main] INFO  testCase.TC08_Updatecontact - Browser launched and Parabank site opened
2025-09-27 10:58:56.580 [main] INFO  testCase.TC09_requestloan - Browser launched and Parabank site opened
2025-09-27 14:22:09.970 [main] INFO  testCase.TC01_Register - Browser launched and Parabank site opened
2025-09-27 14:22:10.005 [main] INFO  testCase.TC01_Register - ===== Starting Registration Test =====
2025-09-27 14:22:12.494 [main] INFO  testCase.TC01_Register - Clicked Register link
2025-09-27 14:22:13.329 [main] INFO  testCase.TC01_Register - Filled registration form with username: user1758963132494
2025-09-27 14:22:13.851 [main] INFO  testCase.TC01_Register - Clicked Register button
2025-09-27 14:22:13.911 [main] INFO  testCase.TC01_Register - Registration successful, Welcome message found
2025-09-27 14:22:13.911 [main] INFO  testCase.TC01_Register - ===== Registration Test Completed =====
2025-09-27 14:22:18.845 [main] INFO  testCase.TC02_login - Browser launched and Parabank site opened
2025-09-27 14:22:18.853 [main] INFO  testCase.TC02_login - ===== Starting Login Test =====
2025-09-27 14:22:21.377 [main] INFO  testCase.TC02_login - Login attempted with username: user1758963132494
2025-09-27 14:22:21.377 [main] INFO  testCase.TC02_login - Login attempted with username: Test@123
2025-09-27 14:22:21.377 [main] INFO  testCase.TC02_login - ===== Login Test Completed =====
2025-09-27 14:22:26.489 [main] INFO  testCase.TC03_OpenNewAccount - Browser launched and Parabank site opened
2025-09-27 14:22:26.503 [main] INFO  testCase.TC03_OpenNewAccount - ===== Starting Open New Account Test =====
2025-09-27 14:22:29.679 [main] INFO  testCase.TC03_OpenNewAccount - Logged in before opening new account
2025-09-27 14:22:30.604 [main] INFO  pageObjects.OpenNewAccount - Navigated to 'Open New Account' page
2025-09-27 14:22:30.604 [main] INFO  testCase.TC03_OpenNewAccount - Navigated to Open New Account page
2025-09-27 14:22:30.777 [main] INFO  pageObjects.OpenNewAccount - Selected Account Type: CHECKING
2025-09-27 14:22:30.777 [main] INFO  testCase.TC03_OpenNewAccount - Selected account type: CHECKING
2025-09-27 14:22:30.971 [main] INFO  pageObjects.OpenNewAccount - Selected first available funding account: 18339
2025-09-27 14:22:30.971 [main] INFO  testCase.TC03_OpenNewAccount -  
2025-09-27 14:22:31.039 [main] INFO  pageObjects.OpenNewAccount - Clicked 'Open New Account' button
2025-09-27 14:22:31.039 [main] INFO  testCase.TC03_OpenNewAccount - Clicked Open New Account button
2025-09-27 14:22:31.629 [main] INFO  pageObjects.OpenNewAccount - New Account Number generated: 18450
2025-09-27 14:22:31.629 [main] INFO  testCase.TC03_OpenNewAccount - ===== Open New Account Test Finished Successfully =====
2025-09-27 14:22:35.228 [main] INFO  testCase.TC04_AccountOverview - Browser launched and Parabank site opened
2025-09-27 14:22:35.236 [main] INFO  testCase.TC04_AccountOverview -  Starting TC04_AccountOverview
2025-09-27 14:22:37.713 [main] INFO  testCase.TC04_AccountOverview - Logged in before accessing Account Overview
2025-09-27 14:22:37.986 [main] INFO  testCase.TC04_AccountOverview - Currently available accounts: 2
2025-09-27 14:22:38.057 [main] INFO  testCase.TC04_AccountOverview - Account 1: 18339
2025-09-27 14:22:38.057 [main] INFO  testCase.TC04_AccountOverview - Account 2: 18450
2025-09-27 14:22:38.057 [main] INFO  testCase.TC04_AccountOverview - Account Overview test passed
2025-09-27 14:22:38.057 [main] INFO  testCase.TC04_AccountOverview - Finished TC_AccountOverview 
2025-09-27 14:22:43.192 [main] INFO  testCase.TC05_Transferfund - Browser launched and Parabank site opened
2025-09-27 14:22:43.196 [main] INFO  testCase.TC05_Transferfund - ===== Starting Transfer Funds Test =====
2025-09-27 14:22:44.303 [main] INFO  testCase.TC05_Transferfund - Logged in successfully
2025-09-27 14:22:44.711 [main] INFO  testCase.TC05_Transferfund - From Account: 18339, To Account: 18450
2025-09-27 14:22:45.206 [main] INFO  pageObjects.Transferfund - Navigated to Transfer Funds page
2025-09-27 14:22:45.378 [main] INFO  pageObjects.Transferfund - Entered transfer amount: 20
2025-09-27 14:22:45.523 [main] INFO  pageObjects.Transferfund - Selected From Account: 18339
2025-09-27 14:22:45.668 [main] INFO  pageObjects.Transferfund - Selected To Account: 18450
2025-09-27 14:22:45.762 [main] INFO  pageObjects.Transferfund - Clicked Transfer button
2025-09-27 14:22:46.311 [main] INFO  pageObjects.Transferfund - Transfer success message displayed: true
2025-09-27 14:22:46.311 [main] INFO  testCase.TC05_Transferfund - Transfer Funds Test Passed 
2025-09-27 14:22:51.185 [main] INFO  testCase.TC06_Billpayment - Browser launched and Parabank site opened
2025-09-27 14:22:51.195 [main] INFO  testCase.TC06_Billpayment - ===== Starting Bill Payment Test =====
2025-09-27 14:22:52.344 [main] INFO  testCase.TC06_Billpayment - Logged in successfully
2025-09-27 14:22:52.645 [main] INFO  testCase.TC06_Billpayment - Pay from Account: 18339
2025-09-27 14:22:53.066 [main] INFO  pageObjects.BillPay - Navigated to Bill Pay page
2025-09-27 14:22:53.224 [main] INFO  pageObjects.BillPay - Entered Payee Name: Ganesh U
2025-09-27 14:22:53.376 [main] INFO  pageObjects.BillPay - Entered Address: 123 Street
2025-09-27 14:22:53.486 [main] INFO  pageObjects.BillPay - Entered City: CityName
2025-09-27 14:22:53.595 [main] INFO  pageObjects.BillPay - Entered State: StateName
2025-09-27 14:22:53.727 [main] INFO  pageObjects.BillPay - Entered Zip: 123456
2025-09-27 14:22:53.835 [main] INFO  pageObjects.BillPay - Entered Phone: 8547505599
2025-09-27 14:22:54.034 [main] INFO  pageObjects.BillPay - Entered Account Number: 12345
2025-09-27 14:22:54.194 [main] INFO  pageObjects.BillPay - Entered Verify Account: 12345
2025-09-27 14:22:54.302 [main] INFO  pageObjects.BillPay - Entered Amount: 50
2025-09-27 14:22:54.417 [main] INFO  pageObjects.BillPay - Selected From Account: 18339
2025-09-27 14:22:54.417 [main] INFO  pageObjects.BillPay - Filled Bill Pay form
2025-09-27 14:22:54.505 [main] INFO  pageObjects.BillPay - Clicked Send Payment button
2025-09-27 14:22:55.067 [main] INFO  pageObjects.BillPay - Bill Payment completed successfully
2025-09-27 14:22:55.067 [main] INFO  testCase.TC06_Billpayment - Bill Payment Test Passed
2025-09-27 14:22:59.633 [main] INFO  testCase.TC08_Updatecontact - Browser launched and Parabank site opened
2025-09-27 14:22:59.640 [main] INFO  testCase.TC08_Updatecontact - ===== Starting Update Contact Info Test =====
2025-09-27 14:23:00.773 [main] INFO  testCase.TC08_Updatecontact - Logged in successfully
2025-09-27 14:23:01.224 [main] INFO  testCase.TC08_Updatecontact - Navigated to Update Contact Info page
2025-09-27 14:23:02.276 [main] INFO  testCase.TC08_Updatecontact - Entered new contact info
2025-09-27 14:23:02.371 [main] INFO  testCase.TC08_Updatecontact - Clicked Update Profile
2025-09-27 14:23:02.380 [main] INFO  testCase.TC08_Updatecontact - Update Contact Info Test Passed
2025-09-27 14:23:02.380 [main] INFO  testCase.TC08_Updatecontact - ===== Update Contact Info Test Completed =====
2025-09-27 14:23:07.464 [main] INFO  testCase.TC09_requestloan - Browser launched and Parabank site opened
2025-09-27 14:23:07.470 [main] INFO  testCase.TC09_requestloan - ===== Starting Request Loan Test =====
2025-09-27 14:23:08.590 [main] INFO  testCase.TC09_requestloan - Logged in successfully
2025-09-27 14:23:08.885 [main] INFO  testCase.TC09_requestloan - Using Account for Loan Request: 18339
2025-09-27 14:23:09.377 [main] INFO  testCase.TC09_requestloan - Navigated to Request Loan Page
2025-09-27 14:32:16.070 [main] INFO  testCase.TC01_Register - Browser launched and Parabank site opened
2025-09-27 14:32:16.091 [main] INFO  testCase.TC01_Register - ===== Starting Registration Test =====
2025-09-27 14:32:16.700 [main] INFO  testCase.TC01_Register - Clicked Register link
2025-09-27 14:32:17.484 [main] INFO  testCase.TC01_Register - Filled registration form with username: user1758963736701
2025-09-27 14:32:17.860 [main] INFO  testCase.TC01_Register - Clicked Register button
2025-09-27 14:32:23.580 [main] INFO  testCase.TC02_login - Browser launched and Parabank site opened
2025-09-27 14:32:23.583 [main] INFO  testCase.TC02_login - ===== Starting Login Test =====
2025-09-27 14:32:57.850 [main] INFO  testCase.TC01_Register - Browser launched and Parabank site opened
2025-09-27 14:32:57.866 [main] INFO  testCase.TC01_Register - ===== Starting Registration Test =====
2025-09-27 14:32:58.525 [main] INFO  testCase.TC01_Register - Clicked Register link
2025-09-27 14:32:59.440 [main] INFO  testCase.TC01_Register - Filled registration form with username: user1758963778525
2025-09-27 14:32:59.934 [main] INFO  testCase.TC01_Register - Clicked Register button
2025-09-27 14:32:59.949 [main] INFO  testCase.TC01_Register - Registration successful, Welcome message found
2025-09-27 14:32:59.949 [main] INFO  testCase.TC01_Register - ===== Registration Test Completed =====
2025-09-27 14:33:04.581 [main] INFO  testCase.TC02_login - Browser launched and Parabank site opened
2025-09-27 14:33:04.593 [main] INFO  testCase.TC02_login - ===== Starting Login Test =====
2025-09-27 14:33:06.308 [main] INFO  testCase.TC02_login - Login attempted with username: user1758963778525
2025-09-27 14:33:06.309 [main] INFO  testCase.TC02_login - Login attempted with username: Test@123
2025-09-27 14:33:06.309 [main] INFO  testCase.TC02_login - ===== Login Test Completed =====
2025-09-27 14:33:11.753 [main] INFO  testCase.TC03_OpenNewAccount - Browser launched and Parabank site opened
2025-09-27 14:33:11.769 [main] INFO  testCase.TC03_OpenNewAccount - ===== Starting Open New Account Test =====
2025-09-27 14:33:13.536 [main] INFO  testCase.TC03_OpenNewAccount - Logged in before opening new account
2025-09-27 14:33:14.022 [main] INFO  pageObjects.OpenNewAccount - Navigated to 'Open New Account' page
2025-09-27 14:33:14.022 [main] INFO  testCase.TC03_OpenNewAccount - Navigated to Open New Account page
2025-09-27 14:33:14.214 [main] INFO  pageObjects.OpenNewAccount - Selected Account Type: CHECKING
2025-09-27 14:33:14.215 [main] INFO  testCase.TC03_OpenNewAccount - Selected account type: CHECKING
2025-09-27 14:33:14.473 [main] INFO  pageObjects.OpenNewAccount - Selected first available funding account: 19893
2025-09-27 14:33:14.476 [main] INFO  testCase.TC03_OpenNewAccount -  
2025-09-27 14:33:14.562 [main] INFO  pageObjects.OpenNewAccount - Clicked 'Open New Account' button
2025-09-27 14:33:14.564 [main] INFO  testCase.TC03_OpenNewAccount - Clicked Open New Account button
2025-09-27 14:33:15.204 [main] INFO  pageObjects.OpenNewAccount - New Account Number generated: 20004
2025-09-27 14:33:15.204 [main] INFO  testCase.TC03_OpenNewAccount - ===== Open New Account Test Finished Successfully =====
2025-09-27 14:33:20.624 [main] INFO  testCase.TC04_AccountOverview - Browser launched and Parabank site opened
2025-09-27 14:33:20.630 [main] INFO  testCase.TC04_AccountOverview -  Starting TC04_AccountOverview
2025-09-27 14:33:20.932 [main] INFO  testCase.TC04_AccountOverview - Logged in before accessing Account Overview
2025-09-27 14:33:22.081 [main] INFO  testCase.TC04_AccountOverview - Currently available accounts: 2
2025-09-27 14:33:22.153 [main] INFO  testCase.TC04_AccountOverview - Account 1: 19893
2025-09-27 14:33:22.153 [main] INFO  testCase.TC04_AccountOverview - Account 2: 20004
2025-09-27 14:33:22.153 [main] INFO  testCase.TC04_AccountOverview - Account Overview test passed
2025-09-27 14:33:22.153 [main] INFO  testCase.TC04_AccountOverview - Finished TC_AccountOverview 
2025-09-27 14:33:27.636 [main] INFO  testCase.TC05_Transferfund - Browser launched and Parabank site opened
2025-09-27 14:33:27.642 [main] INFO  testCase.TC05_Transferfund - ===== Starting Transfer Funds Test =====
2025-09-27 14:33:28.777 [main] INFO  testCase.TC05_Transferfund - Logged in successfully
2025-09-27 14:33:29.107 [main] INFO  testCase.TC05_Transferfund - From Account: 19893, To Account: 20004
2025-09-27 14:33:29.610 [main] INFO  pageObjects.Transferfund - Navigated to Transfer Funds page
2025-09-27 14:33:29.760 [main] INFO  pageObjects.Transferfund - Entered transfer amount: 20
2025-09-27 14:33:29.960 [main] INFO  pageObjects.Transferfund - Selected From Account: 19893
2025-09-27 14:33:30.123 [main] INFO  pageObjects.Transferfund - Selected To Account: 20004
2025-09-27 14:33:30.206 [main] INFO  pageObjects.Transferfund - Clicked Transfer button
2025-09-27 14:33:30.761 [main] INFO  pageObjects.Transferfund - Transfer success message displayed: true
2025-09-27 14:33:30.761 [main] INFO  testCase.TC05_Transferfund - Transfer Funds Test Passed 
2025-09-27 14:33:35.657 [main] INFO  testCase.TC06_Billpayment - Browser launched and Parabank site opened
2025-09-27 14:33:35.661 [main] INFO  testCase.TC06_Billpayment - ===== Starting Bill Payment Test =====
2025-09-27 14:33:36.813 [main] INFO  testCase.TC06_Billpayment - Logged in successfully
2025-09-27 14:33:37.099 [main] INFO  testCase.TC06_Billpayment - Pay from Account: 19893
2025-09-27 14:33:37.579 [main] INFO  pageObjects.BillPay - Navigated to Bill Pay page
2025-09-27 14:33:37.730 [main] INFO  pageObjects.BillPay - Entered Payee Name: Ganesh U
2025-09-27 14:33:37.865 [main] INFO  pageObjects.BillPay - Entered Address: 123 Street
2025-09-27 14:33:37.976 [main] INFO  pageObjects.BillPay - Entered City: CityName
2025-09-27 14:33:38.098 [main] INFO  pageObjects.BillPay - Entered State: StateName
2025-09-27 14:33:38.223 [main] INFO  pageObjects.BillPay - Entered Zip: 123456
2025-09-27 14:33:38.364 [main] INFO  pageObjects.BillPay - Entered Phone: 8547505599
2025-09-27 14:33:38.474 [main] INFO  pageObjects.BillPay - Entered Account Number: 12345
2025-09-27 14:33:38.575 [main] INFO  pageObjects.BillPay - Entered Verify Account: 12345
2025-09-27 14:33:38.676 [main] INFO  pageObjects.BillPay - Entered Amount: 50
2025-09-27 14:33:38.761 [main] INFO  pageObjects.BillPay - Selected From Account: 19893
2025-09-27 14:33:38.761 [main] INFO  pageObjects.BillPay - Filled Bill Pay form
2025-09-27 14:33:38.845 [main] INFO  pageObjects.BillPay - Clicked Send Payment button
2025-09-27 14:33:39.398 [main] INFO  pageObjects.BillPay - Bill Payment completed successfully
2025-09-27 14:33:39.398 [main] INFO  testCase.TC06_Billpayment - Bill Payment Test Passed
2025-09-27 14:33:44.355 [main] INFO  testCase.TC08_Updatecontact - Browser launched and Parabank site opened
2025-09-27 14:33:44.361 [main] INFO  testCase.TC08_Updatecontact - ===== Starting Update Contact Info Test =====
2025-09-27 14:33:45.697 [main] INFO  testCase.TC08_Updatecontact - Logged in successfully
2025-09-27 14:33:46.209 [main] INFO  testCase.TC08_Updatecontact - Navigated to Update Contact Info page
2025-09-27 14:33:47.385 [main] INFO  testCase.TC08_Updatecontact - Entered new contact info
2025-09-27 14:33:47.511 [main] INFO  testCase.TC08_Updatecontact - Clicked Update Profile
2025-09-27 14:33:47.523 [main] INFO  testCase.TC08_Updatecontact - Update Contact Info Test Passed
2025-09-27 14:33:47.523 [main] INFO  testCase.TC08_Updatecontact - ===== Update Contact Info Test Completed =====
2025-09-27 14:33:52.551 [main] INFO  testCase.TC09_requestloan - Browser launched and Parabank site opened
2025-09-27 14:33:52.555 [main] INFO  testCase.TC09_requestloan - ===== Starting Request Loan Test =====
2025-09-27 14:33:53.865 [main] INFO  testCase.TC09_requestloan - Logged in successfully
2025-09-27 14:33:54.542 [main] INFO  testCase.TC09_requestloan - Navigated to Request Loan Page
